{"/Users/user/Documents/Projects/testabs/src/bookings/test.js":{"path":"/Users/user/Documents/Projects/testabs/src/bookings/test.js","statementMap":{"0":{"start":{"line":3,"column":29},"end":{"line":3,"column":84}},"1":{"start":{"line":5,"column":12},"end":{"line":5,"column":51}},"2":{"start":{"line":7,"column":16},"end":{"line":7,"column":60}},"3":{"start":{"line":9,"column":0},"end":{"line":9,"column":32}},"4":{"start":{"line":11,"column":13},"end":{"line":11,"column":56}},"5":{"start":{"line":13,"column":0},"end":{"line":13,"column":43}},"6":{"start":{"line":15,"column":13},"end":{"line":15,"column":36}},"7":{"start":{"line":16,"column":0},"end":{"line":189,"column":3}},"8":{"start":{"line":17,"column":2},"end":{"line":36,"column":5}},"9":{"start":{"line":18,"column":18},"end":{"line":23,"column":5}},"10":{"start":{"line":25,"column":4},"end":{"line":35,"column":7}},"11":{"start":{"line":26,"column":6},"end":{"line":26,"column":39}},"12":{"start":{"line":27,"column":6},"end":{"line":33,"column":9}},"13":{"start":{"line":34,"column":6},"end":{"line":34,"column":13}},"14":{"start":{"line":38,"column":2},"end":{"line":57,"column":5}},"15":{"start":{"line":39,"column":18},"end":{"line":44,"column":5}},"16":{"start":{"line":46,"column":4},"end":{"line":56,"column":7}},"17":{"start":{"line":47,"column":6},"end":{"line":47,"column":39}},"18":{"start":{"line":48,"column":6},"end":{"line":54,"column":9}},"19":{"start":{"line":55,"column":6},"end":{"line":55,"column":13}},"20":{"start":{"line":58,"column":2},"end":{"line":67,"column":5}},"21":{"start":{"line":59,"column":18},"end":{"line":61,"column":5}},"22":{"start":{"line":63,"column":4},"end":{"line":66,"column":7}},"23":{"start":{"line":64,"column":6},"end":{"line":64,"column":39}},"24":{"start":{"line":65,"column":6},"end":{"line":65,"column":13}},"25":{"start":{"line":68,"column":2},"end":{"line":78,"column":5}},"26":{"start":{"line":69,"column":4},"end":{"line":77,"column":7}},"27":{"start":{"line":70,"column":6},"end":{"line":70,"column":39}},"28":{"start":{"line":71,"column":6},"end":{"line":71,"column":50}},"29":{"start":{"line":72,"column":6},"end":{"line":72,"column":64}},"30":{"start":{"line":73,"column":6},"end":{"line":73,"column":55}},"31":{"start":{"line":74,"column":6},"end":{"line":74,"column":60}},"32":{"start":{"line":75,"column":6},"end":{"line":75,"column":61}},"33":{"start":{"line":76,"column":6},"end":{"line":76,"column":13}},"34":{"start":{"line":79,"column":2},"end":{"line":91,"column":5}},"35":{"start":{"line":80,"column":20},"end":{"line":80,"column":23}},"36":{"start":{"line":82,"column":4},"end":{"line":90,"column":7}},"37":{"start":{"line":83,"column":6},"end":{"line":83,"column":39}},"38":{"start":{"line":84,"column":6},"end":{"line":84,"column":47}},"39":{"start":{"line":85,"column":6},"end":{"line":85,"column":61}},"40":{"start":{"line":86,"column":6},"end":{"line":86,"column":52}},"41":{"start":{"line":87,"column":6},"end":{"line":87,"column":57}},"42":{"start":{"line":88,"column":6},"end":{"line":88,"column":58}},"43":{"start":{"line":89,"column":6},"end":{"line":89,"column":13}},"44":{"start":{"line":92,"column":2},"end":{"line":100,"column":5}},"45":{"start":{"line":93,"column":20},"end":{"line":93,"column":24}},"46":{"start":{"line":95,"column":4},"end":{"line":99,"column":7}},"47":{"start":{"line":96,"column":6},"end":{"line":96,"column":39}},"48":{"start":{"line":97,"column":6},"end":{"line":97,"column":105}},"49":{"start":{"line":98,"column":6},"end":{"line":98,"column":13}},"50":{"start":{"line":101,"column":2},"end":{"line":109,"column":5}},"51":{"start":{"line":102,"column":20},"end":{"line":102,"column":25}},"52":{"start":{"line":104,"column":4},"end":{"line":108,"column":7}},"53":{"start":{"line":105,"column":6},"end":{"line":105,"column":39}},"54":{"start":{"line":106,"column":6},"end":{"line":106,"column":89}},"55":{"start":{"line":107,"column":6},"end":{"line":107,"column":13}},"56":{"start":{"line":110,"column":2},"end":{"line":129,"column":5}},"57":{"start":{"line":111,"column":20},"end":{"line":111,"column":23}},"58":{"start":{"line":112,"column":25},"end":{"line":118,"column":5}},"59":{"start":{"line":120,"column":4},"end":{"line":128,"column":7}},"60":{"start":{"line":121,"column":6},"end":{"line":121,"column":39}},"61":{"start":{"line":122,"column":6},"end":{"line":122,"column":56}},"62":{"start":{"line":123,"column":6},"end":{"line":123,"column":84}},"63":{"start":{"line":124,"column":6},"end":{"line":124,"column":66}},"64":{"start":{"line":125,"column":6},"end":{"line":125,"column":76}},"65":{"start":{"line":126,"column":6},"end":{"line":126,"column":78}},"66":{"start":{"line":127,"column":6},"end":{"line":127,"column":13}},"67":{"start":{"line":130,"column":2},"end":{"line":145,"column":5}},"68":{"start":{"line":131,"column":20},"end":{"line":131,"column":26}},"69":{"start":{"line":132,"column":25},"end":{"line":138,"column":5}},"70":{"start":{"line":140,"column":4},"end":{"line":144,"column":7}},"71":{"start":{"line":141,"column":6},"end":{"line":141,"column":39}},"72":{"start":{"line":142,"column":6},"end":{"line":142,"column":106}},"73":{"start":{"line":143,"column":6},"end":{"line":143,"column":13}},"74":{"start":{"line":146,"column":2},"end":{"line":161,"column":5}},"75":{"start":{"line":147,"column":20},"end":{"line":147,"column":25}},"76":{"start":{"line":148,"column":25},"end":{"line":154,"column":5}},"77":{"start":{"line":156,"column":4},"end":{"line":160,"column":7}},"78":{"start":{"line":157,"column":6},"end":{"line":157,"column":39}},"79":{"start":{"line":158,"column":6},"end":{"line":158,"column":89}},"80":{"start":{"line":159,"column":6},"end":{"line":159,"column":13}},"81":{"start":{"line":162,"column":2},"end":{"line":170,"column":5}},"82":{"start":{"line":163,"column":20},"end":{"line":163,"column":21}},"83":{"start":{"line":165,"column":4},"end":{"line":169,"column":7}},"84":{"start":{"line":166,"column":6},"end":{"line":166,"column":39}},"85":{"start":{"line":167,"column":6},"end":{"line":167,"column":43}},"86":{"start":{"line":168,"column":6},"end":{"line":168,"column":13}},"87":{"start":{"line":171,"column":2},"end":{"line":179,"column":5}},"88":{"start":{"line":172,"column":20},"end":{"line":172,"column":23}},"89":{"start":{"line":174,"column":4},"end":{"line":178,"column":7}},"90":{"start":{"line":175,"column":6},"end":{"line":175,"column":39}},"91":{"start":{"line":176,"column":6},"end":{"line":176,"column":113}},"92":{"start":{"line":177,"column":6},"end":{"line":177,"column":13}},"93":{"start":{"line":180,"column":2},"end":{"line":188,"column":5}},"94":{"start":{"line":181,"column":20},"end":{"line":181,"column":25}},"95":{"start":{"line":183,"column":4},"end":{"line":187,"column":7}},"96":{"start":{"line":184,"column":6},"end":{"line":184,"column":39}},"97":{"start":{"line":185,"column":6},"end":{"line":185,"column":85}},"98":{"start":{"line":186,"column":6},"end":{"line":186,"column":13}}},"fnMap":{"0":{"name":"(anonymous_0)","decl":{"start":{"line":16,"column":43},"end":{"line":16,"column":44}},"loc":{"start":{"line":16,"column":55},"end":{"line":189,"column":1}},"line":16},"1":{"name":"(anonymous_1)","decl":{"start":{"line":17,"column":35},"end":{"line":17,"column":36}},"loc":{"start":{"line":17,"column":51},"end":{"line":36,"column":3}},"line":17},"2":{"name":"(anonymous_2)","decl":{"start":{"line":25,"column":125},"end":{"line":25,"column":126}},"loc":{"start":{"line":25,"column":145},"end":{"line":35,"column":5}},"line":25},"3":{"name":"(anonymous_3)","decl":{"start":{"line":38,"column":41},"end":{"line":38,"column":42}},"loc":{"start":{"line":38,"column":57},"end":{"line":57,"column":3}},"line":38},"4":{"name":"(anonymous_4)","decl":{"start":{"line":46,"column":125},"end":{"line":46,"column":126}},"loc":{"start":{"line":46,"column":145},"end":{"line":56,"column":5}},"line":46},"5":{"name":"(anonymous_5)","decl":{"start":{"line":58,"column":66},"end":{"line":58,"column":67}},"loc":{"start":{"line":58,"column":82},"end":{"line":67,"column":3}},"line":58},"6":{"name":"(anonymous_6)","decl":{"start":{"line":63,"column":125},"end":{"line":63,"column":126}},"loc":{"start":{"line":63,"column":145},"end":{"line":66,"column":5}},"line":63},"7":{"name":"(anonymous_7)","decl":{"start":{"line":68,"column":35},"end":{"line":68,"column":36}},"loc":{"start":{"line":68,"column":51},"end":{"line":78,"column":3}},"line":68},"8":{"name":"(anonymous_8)","decl":{"start":{"line":69,"column":110},"end":{"line":69,"column":111}},"loc":{"start":{"line":69,"column":130},"end":{"line":77,"column":5}},"line":69},"9":{"name":"(anonymous_9)","decl":{"start":{"line":79,"column":43},"end":{"line":79,"column":44}},"loc":{"start":{"line":79,"column":59},"end":{"line":91,"column":3}},"line":79},"10":{"name":"(anonymous_10)","decl":{"start":{"line":82,"column":129},"end":{"line":82,"column":130}},"loc":{"start":{"line":82,"column":149},"end":{"line":90,"column":5}},"line":82},"11":{"name":"(anonymous_11)","decl":{"start":{"line":92,"column":63},"end":{"line":92,"column":64}},"loc":{"start":{"line":92,"column":79},"end":{"line":100,"column":3}},"line":92},"12":{"name":"(anonymous_12)","decl":{"start":{"line":95,"column":129},"end":{"line":95,"column":130}},"loc":{"start":{"line":95,"column":149},"end":{"line":99,"column":5}},"line":95},"13":{"name":"(anonymous_13)","decl":{"start":{"line":101,"column":67},"end":{"line":101,"column":68}},"loc":{"start":{"line":101,"column":83},"end":{"line":109,"column":3}},"line":101},"14":{"name":"(anonymous_14)","decl":{"start":{"line":104,"column":129},"end":{"line":104,"column":130}},"loc":{"start":{"line":104,"column":149},"end":{"line":108,"column":5}},"line":104},"15":{"name":"(anonymous_15)","decl":{"start":{"line":110,"column":35},"end":{"line":110,"column":36}},"loc":{"start":{"line":110,"column":51},"end":{"line":129,"column":3}},"line":110},"16":{"name":"(anonymous_16)","decl":{"start":{"line":120,"column":150},"end":{"line":120,"column":151}},"loc":{"start":{"line":120,"column":170},"end":{"line":128,"column":5}},"line":120},"17":{"name":"(anonymous_17)","decl":{"start":{"line":130,"column":55},"end":{"line":130,"column":56}},"loc":{"start":{"line":130,"column":71},"end":{"line":145,"column":3}},"line":130},"18":{"name":"(anonymous_18)","decl":{"start":{"line":140,"column":150},"end":{"line":140,"column":151}},"loc":{"start":{"line":140,"column":170},"end":{"line":144,"column":5}},"line":140},"19":{"name":"(anonymous_19)","decl":{"start":{"line":146,"column":65},"end":{"line":146,"column":66}},"loc":{"start":{"line":146,"column":81},"end":{"line":161,"column":3}},"line":146},"20":{"name":"(anonymous_20)","decl":{"start":{"line":156,"column":150},"end":{"line":156,"column":151}},"loc":{"start":{"line":156,"column":170},"end":{"line":160,"column":5}},"line":156},"21":{"name":"(anonymous_21)","decl":{"start":{"line":162,"column":35},"end":{"line":162,"column":36}},"loc":{"start":{"line":162,"column":51},"end":{"line":170,"column":3}},"line":162},"22":{"name":"(anonymous_22)","decl":{"start":{"line":165,"column":135},"end":{"line":165,"column":136}},"loc":{"start":{"line":165,"column":155},"end":{"line":169,"column":5}},"line":165},"23":{"name":"(anonymous_23)","decl":{"start":{"line":171,"column":55},"end":{"line":171,"column":56}},"loc":{"start":{"line":171,"column":71},"end":{"line":179,"column":3}},"line":171},"24":{"name":"(anonymous_24)","decl":{"start":{"line":174,"column":135},"end":{"line":174,"column":136}},"loc":{"start":{"line":174,"column":155},"end":{"line":178,"column":5}},"line":174},"25":{"name":"(anonymous_25)","decl":{"start":{"line":180,"column":59},"end":{"line":180,"column":60}},"loc":{"start":{"line":180,"column":75},"end":{"line":188,"column":3}},"line":180},"26":{"name":"(anonymous_26)","decl":{"start":{"line":183,"column":135},"end":{"line":183,"column":136}},"loc":{"start":{"line":183,"column":155},"end":{"line":187,"column":5}},"line":183}},"branchMap":{},"s":{"0":1,"1":1,"2":1,"3":1,"4":1,"5":1,"6":1,"7":1,"8":1,"9":1,"10":1,"11":1,"12":1,"13":0,"14":1,"15":1,"16":1,"17":1,"18":1,"19":0,"20":1,"21":1,"22":1,"23":1,"24":1,"25":1,"26":1,"27":1,"28":1,"29":1,"30":1,"31":1,"32":1,"33":1,"34":1,"35":1,"36":1,"37":1,"38":1,"39":1,"40":1,"41":1,"42":1,"43":1,"44":1,"45":1,"46":1,"47":1,"48":1,"49":1,"50":1,"51":1,"52":1,"53":1,"54":1,"55":1,"56":1,"57":1,"58":1,"59":1,"60":1,"61":1,"62":1,"63":1,"64":1,"65":1,"66":1,"67":1,"68":1,"69":1,"70":1,"71":1,"72":1,"73":1,"74":1,"75":1,"76":1,"77":1,"78":1,"79":1,"80":1,"81":1,"82":1,"83":1,"84":1,"85":1,"86":1,"87":1,"88":1,"89":1,"90":1,"91":1,"92":1,"93":1,"94":1,"95":1,"96":1,"97":1,"98":1},"f":{"0":1,"1":1,"2":1,"3":1,"4":1,"5":1,"6":1,"7":1,"8":1,"9":1,"10":1,"11":1,"12":1,"13":1,"14":1,"15":1,"16":1,"17":1,"18":1,"19":1,"20":1,"21":1,"22":1,"23":1,"24":1,"25":1,"26":1},"b":{},"inputSourceMap":{"version":3,"sources":["test.js"],"names":["chai","use","chatHttp","expect","describe","it","done","booking","number_of_guests","user_id","checkin_date","Date","checkout_date","request","app","post","set","send","end","err","res","status","to","equal","body","data","include","id","get","should","have","property","bookingId","eql","updatedBooking","put","updatedbooking"],"mappings":";;;;AAAA;;AACA;;AACA;;AACA;;AAEAA,iBAAKC,GAAL,CAASC,oBAAT;;IACQC,M,GAAWH,gB,CAAXG,M;AAERC,QAAQ,CAAC,gCAAD,EAAmC,YAAM;AAC/CC,EAAAA,EAAE,CAAC,4BAAD,EAA+B,UAACC,IAAD,EAAU;AACzC,QAAMC,OAAO,GAAG;AACdC,MAAAA,gBAAgB,EAAE,CADJ;AAEdC,MAAAA,OAAO,EAAE,CAFK;AAGdC,MAAAA,YAAY,EAAE,IAAIC,IAAJ,CAAS,0BAAT,CAHA;AAIdC,MAAAA,aAAa,EAAE,IAAID,IAAJ,CAAS,SAAT;AAJD,KAAhB;;AAMAX,qBAAKa,OAAL,CAAaC,iBAAb,EACGC,IADH,CACQ,kBADR,EAEGC,GAFH,CAEO,QAFP,EAEiB,kBAFjB,EAGGC,IAHH,CAGQV,OAHR,EAIGW,GAJH,CAIO,UAACC,GAAD,EAAMC,GAAN,EAAc;AACjBjB,MAAAA,MAAM,CAACiB,GAAG,CAACC,MAAL,CAAN,CAAmBC,EAAnB,CAAsBC,KAAtB,CAA4B,GAA5B;AACApB,MAAAA,MAAM,CAACiB,GAAG,CAACI,IAAJ,CAASC,IAAV,CAAN,CAAsBH,EAAtB,CAAyBI,OAAzB,CAAiC;AAC/BC,QAAAA,EAAE,EAAE,CAD2B;AAE/BnB,QAAAA,gBAAgB,EAAED,OAAO,CAACC,gBAFK;AAG/BC,QAAAA,OAAO,EAAEF,OAAO,CAACE,OAHc;AAI/BC,QAAAA,YAAY,EAAEH,OAAO,CAACG,YAJS;AAK/BE,QAAAA,aAAa,EAAEL,OAAO,CAACK;AALQ,OAAjC;AAOAN,MAAAA,IAAI;AACL,KAdH;AAeD,GAtBC,CAAF,CAD+C,CAyB/C;;AACAD,EAAAA,EAAE,CAAC,kCAAD,EAAqC,UAACC,IAAD,EAAU;AAC/C,QAAMC,OAAO,GAAG;AACZC,MAAAA,gBAAgB,EAAE,CADN;AAEZC,MAAAA,OAAO,EAAE,CAFG;AAGZC,MAAAA,YAAY,EAAE,IAAIC,IAAJ,CAAS,WAAT,CAHF;AAIZC,MAAAA,aAAa,EAAE,IAAID,IAAJ,CAAS,WAAT;AAJH,KAAhB;;AAMAX,qBAAKa,OAAL,CAAaC,iBAAb,EACGC,IADH,CACQ,kBADR,EAEGC,GAFH,CAEO,QAFP,EAEiB,kBAFjB,EAGGC,IAHH,CAGQV,OAHR,EAIGW,GAJH,CAIO,UAACC,GAAD,EAAMC,GAAN,EAAc;AACjBjB,MAAAA,MAAM,CAACiB,GAAG,CAACC,MAAL,CAAN,CAAmBC,EAAnB,CAAsBC,KAAtB,CAA4B,GAA5B;AACApB,MAAAA,MAAM,CAACiB,GAAG,CAACI,IAAJ,CAASC,IAAV,CAAN,CAAsBH,EAAtB,CAAyBI,OAAzB,CAAiC;AAC/BC,QAAAA,EAAE,EAAE,CAD2B;AAE/BnB,QAAAA,gBAAgB,EAAED,OAAO,CAACC,gBAFK;AAG/BC,QAAAA,OAAO,EAAEF,OAAO,CAACE,OAHc;AAI/BC,QAAAA,YAAY,EAAEH,OAAO,CAACG,YAJS;AAK/BE,QAAAA,aAAa,EAAEL,OAAO,CAACK;AALQ,OAAjC;AAOAN,MAAAA,IAAI;AACL,KAdH;AAeD,GAtBC,CAAF;AAwBAD,EAAAA,EAAE,CAAC,2DAAD,EAA8D,UAACC,IAAD,EAAU;AACxE,QAAMC,OAAO,GAAG;AACdC,MAAAA,gBAAgB,EAAE;AADJ,KAAhB;;AAGAR,qBAAKa,OAAL,CAAaC,iBAAb,EACGC,IADH,CACQ,kBADR,EAEGC,GAFH,CAEO,QAFP,EAEiB,kBAFjB,EAGGC,IAHH,CAGQV,OAHR,EAIGW,GAJH,CAIO,UAACC,GAAD,EAAMC,GAAN,EAAc;AACjBjB,MAAAA,MAAM,CAACiB,GAAG,CAACC,MAAL,CAAN,CAAmBC,EAAnB,CAAsBC,KAAtB,CAA4B,GAA5B;AACAjB,MAAAA,IAAI;AACL,KAPH;AAQD,GAZC,CAAF;AAcAD,EAAAA,EAAE,CAAC,4BAAD,EAA+B,UAACC,IAAD,EAAU;AACzCN,qBAAKa,OAAL,CAAaC,iBAAb,EACGc,GADH,CACO,kBADP,EAEGZ,GAFH,CAEO,QAFP,EAEiB,kBAFjB,EAGGE,GAHH,CAGO,UAACC,GAAD,EAAMC,GAAN,EAAc;AACjBjB,MAAAA,MAAM,CAACiB,GAAG,CAACC,MAAL,CAAN,CAAmBC,EAAnB,CAAsBC,KAAtB,CAA4B,GAA5B;AACAH,MAAAA,GAAG,CAACI,IAAJ,CAASC,IAAT,CAAc,CAAd,EAAiBI,MAAjB,CAAwBC,IAAxB,CAA6BC,QAA7B,CAAsC,IAAtC;AACAX,MAAAA,GAAG,CAACI,IAAJ,CAASC,IAAT,CAAc,CAAd,EAAiBI,MAAjB,CAAwBC,IAAxB,CAA6BC,QAA7B,CAAsC,kBAAtC;AACAX,MAAAA,GAAG,CAACI,IAAJ,CAASC,IAAT,CAAc,CAAd,EAAiBI,MAAjB,CAAwBC,IAAxB,CAA6BC,QAA7B,CAAsC,SAAtC;AACAX,MAAAA,GAAG,CAACI,IAAJ,CAASC,IAAT,CAAc,CAAd,EAAiBI,MAAjB,CAAwBC,IAAxB,CAA6BC,QAA7B,CAAsC,cAAtC;AACAX,MAAAA,GAAG,CAACI,IAAJ,CAASC,IAAT,CAAc,CAAd,EAAiBI,MAAjB,CAAwBC,IAAxB,CAA6BC,QAA7B,CAAsC,eAAtC;AACAzB,MAAAA,IAAI;AACL,KAXH;AAYD,GAbC,CAAF;AAeAD,EAAAA,EAAE,CAAC,oCAAD,EAAuC,UAACC,IAAD,EAAU;AACjD,QAAM0B,SAAS,GAAG,GAAlB;;AACAhC,qBAAKa,OAAL,CAAaC,iBAAb,EACGc,GADH,4BAC2BI,SAD3B,GAEGhB,GAFH,CAEO,QAFP,EAEiB,kBAFjB,EAGGE,GAHH,CAGO,UAACC,GAAD,EAAMC,GAAN,EAAc;AACjBjB,MAAAA,MAAM,CAACiB,GAAG,CAACC,MAAL,CAAN,CAAmBC,EAAnB,CAAsBC,KAAtB,CAA4B,GAA5B;AACAH,MAAAA,GAAG,CAACI,IAAJ,CAASC,IAAT,CAAcI,MAAd,CAAqBC,IAArB,CAA0BC,QAA1B,CAAmC,IAAnC;AACAX,MAAAA,GAAG,CAACI,IAAJ,CAASC,IAAT,CAAcI,MAAd,CAAqBC,IAArB,CAA0BC,QAA1B,CAAmC,kBAAnC;AACAX,MAAAA,GAAG,CAACI,IAAJ,CAASC,IAAT,CAAcI,MAAd,CAAqBC,IAArB,CAA0BC,QAA1B,CAAmC,SAAnC;AACAX,MAAAA,GAAG,CAACI,IAAJ,CAASC,IAAT,CAAcI,MAAd,CAAqBC,IAArB,CAA0BC,QAA1B,CAAmC,cAAnC;AACAX,MAAAA,GAAG,CAACI,IAAJ,CAASC,IAAT,CAAcI,MAAd,CAAqBC,IAArB,CAA0BC,QAA1B,CAAmC,eAAnC;AACAzB,MAAAA,IAAI;AACL,KAXH;AAYD,GAdC,CAAF;AAgBAD,EAAAA,EAAE,CAAC,wDAAD,EAA2D,UAACC,IAAD,EAAU;AACrE,QAAM0B,SAAS,GAAG,IAAlB;;AACAhC,qBAAKa,OAAL,CAAaC,iBAAb,EACGc,GADH,4BAC2BI,SAD3B,GAEGhB,GAFH,CAEO,QAFP,EAEiB,kBAFjB,EAGGE,GAHH,CAGO,UAACC,GAAD,EAAMC,GAAN,EAAc;AACjBjB,MAAAA,MAAM,CAACiB,GAAG,CAACC,MAAL,CAAN,CAAmBC,EAAnB,CAAsBC,KAAtB,CAA4B,GAA5B;AACAH,MAAAA,GAAG,CAACI,IAAJ,CAASK,MAAT,CAAgBC,IAAhB,CAAqBC,QAArB,CAA8B,SAA9B,EACqBE,GADrB,2CAC4DD,SAD5D;AAEA1B,MAAAA,IAAI;AACL,KARH;AASD,GAXC,CAAF;AAaAD,EAAAA,EAAE,CAAC,4DAAD,EAA+D,UAACC,IAAD,EAAU;AACzE,QAAM0B,SAAS,GAAG,KAAlB;;AACAhC,qBAAKa,OAAL,CAAaC,iBAAb,EACGc,GADH,4BAC2BI,SAD3B,GAEGhB,GAFH,CAEO,QAFP,EAEiB,kBAFjB,EAGGE,GAHH,CAGO,UAACC,GAAD,EAAMC,GAAN,EAAc;AACjBjB,MAAAA,MAAM,CAACiB,GAAG,CAACC,MAAL,CAAN,CAAmBC,EAAnB,CAAsBC,KAAtB,CAA4B,GAA5B;AACAH,MAAAA,GAAG,CAACI,IAAJ,CAASK,MAAT,CAAgBC,IAAhB,CAAqBC,QAArB,CAA8B,SAA9B,EACqBE,GADrB,CACyB,oCADzB;AAEA3B,MAAAA,IAAI;AACL,KARH;AASD,GAXC,CAAF;AAaAD,EAAAA,EAAE,CAAC,4BAAD,EAA+B,UAACC,IAAD,EAAU;AACzC,QAAM0B,SAAS,GAAG,GAAlB;AACA,QAAME,cAAc,GAAG;AACrBP,MAAAA,EAAE,EAAE,CADiB;AAErBnB,MAAAA,gBAAgB,EAAE,CAFG;AAGrBC,MAAAA,OAAO,EAAE,CAHY;AAIrBC,MAAAA,YAAY,EAAE,SAJO;AAKrBE,MAAAA,aAAa,EAAE;AALM,KAAvB;;AAOAZ,qBAAKa,OAAL,CAAaC,iBAAb,EACGqB,GADH,4BAC2BH,SAD3B,GAEGhB,GAFH,CAEO,QAFP,EAEiB,kBAFjB,EAGGC,IAHH,CAGQiB,cAHR,EAIGhB,GAJH,CAIO,UAACC,GAAD,EAAMC,GAAN,EAAc;AACjBjB,MAAAA,MAAM,CAACiB,GAAG,CAACC,MAAL,CAAN,CAAmBC,EAAnB,CAAsBC,KAAtB,CAA4B,GAA5B;AACApB,MAAAA,MAAM,CAACiB,GAAG,CAACI,IAAJ,CAASC,IAAT,CAAcE,EAAf,CAAN,CAAyBJ,KAAzB,CAA+BW,cAAc,CAACP,EAA9C;AACAxB,MAAAA,MAAM,CAACiB,GAAG,CAACI,IAAJ,CAASC,IAAT,CAAcjB,gBAAf,CAAN,CAAuCe,KAAvC,CAA6CW,cAAc,CAAC1B,gBAA5D;AACAL,MAAAA,MAAM,CAACiB,GAAG,CAACI,IAAJ,CAASC,IAAT,CAAchB,OAAf,CAAN,CAA8Bc,KAA9B,CAAoCW,cAAc,CAACzB,OAAnD;AACAN,MAAAA,MAAM,CAACiB,GAAG,CAACI,IAAJ,CAASC,IAAT,CAAcf,YAAf,CAAN,CAAmCa,KAAnC,CAAyCW,cAAc,CAACxB,YAAxD;AACAP,MAAAA,MAAM,CAACiB,GAAG,CAACI,IAAJ,CAASC,IAAT,CAAcb,aAAf,CAAN,CAAoCW,KAApC,CAA0CW,cAAc,CAACtB,aAAzD;AACAN,MAAAA,IAAI;AACL,KAZH;AAaD,GAtBC,CAAF;AAwBAD,EAAAA,EAAE,CAAC,gDAAD,EAAmD,UAACC,IAAD,EAAU;AAC7D,QAAM0B,SAAS,GAAG,MAAlB;AACA,QAAMI,cAAc,GAAG;AACrBT,MAAAA,EAAE,EAAEK,SADiB;AAErBxB,MAAAA,gBAAgB,EAAE,CAFG;AAGrBC,MAAAA,OAAO,EAAE,CAHY;AAIrBC,MAAAA,YAAY,EAAE,IAAIC,IAAJ,CAAS,QAAT,CAJO;AAKrBC,MAAAA,aAAa,EAAE,IAAID,IAAJ,CAAS,QAAT;AALM,KAAvB;;AAOAX,qBAAKa,OAAL,CAAaC,iBAAb,EACGqB,GADH,4BAC2BH,SAD3B,GAEGhB,GAFH,CAEO,QAFP,EAEiB,kBAFjB,EAGGC,IAHH,CAGQmB,cAHR,EAIGlB,GAJH,CAIO,UAACC,GAAD,EAAMC,GAAN,EAAc;AACjBjB,MAAAA,MAAM,CAACiB,GAAG,CAACC,MAAL,CAAN,CAAmBC,EAAnB,CAAsBC,KAAtB,CAA4B,GAA5B;AACAH,MAAAA,GAAG,CAACI,IAAJ,CAASK,MAAT,CAAgBC,IAAhB,CAAqBC,QAArB,CAA8B,SAA9B,EACqBE,GADrB,4CAC6DD,SAD7D;AAEA1B,MAAAA,IAAI;AACL,KATH;AAUD,GAnBC,CAAF;AAqBAD,EAAAA,EAAE,CAAC,0DAAD,EAA6D,UAACC,IAAD,EAAU;AACvE,QAAM0B,SAAS,GAAG,KAAlB;AACA,QAAMI,cAAc,GAAG;AACrBT,MAAAA,EAAE,EAAEK,SADiB;AAErBxB,MAAAA,gBAAgB,EAAE,CAFG;AAGrBC,MAAAA,OAAO,EAAE,CAHY;AAIrBC,MAAAA,YAAY,EAAE,IAAIC,IAAJ,CAAS,QAAT,CAJO;AAKrBC,MAAAA,aAAa,EAAE,IAAID,IAAJ,CAAS,QAAT;AALM,KAAvB;;AAOAX,qBAAKa,OAAL,CAAaC,iBAAb,EACGqB,GADH,4BAC2BH,SAD3B,GAEGhB,GAFH,CAEO,QAFP,EAEiB,kBAFjB,EAGGC,IAHH,CAGQmB,cAHR,EAIGlB,GAJH,CAIO,UAACC,GAAD,EAAMC,GAAN,EAAc;AACjBjB,MAAAA,MAAM,CAACiB,GAAG,CAACC,MAAL,CAAN,CAAmBC,EAAnB,CAAsBC,KAAtB,CAA4B,GAA5B;AACAH,MAAAA,GAAG,CAACI,IAAJ,CAASK,MAAT,CAAgBC,IAAhB,CAAqBC,QAArB,CAA8B,SAA9B,EACqBE,GADrB,CACyB,oCADzB;AAEA3B,MAAAA,IAAI;AACL,KATH;AAUD,GAnBC,CAAF;AAsBAD,EAAAA,EAAE,CAAC,4BAAD,EAA+B,UAACC,IAAD,EAAU;AACzC,QAAM0B,SAAS,GAAG,CAAlB;;AACAhC,qBAAKa,OAAL,CAAaC,iBAAb,uCAC8BkB,SAD9B,GAEGhB,GAFH,CAEO,QAFP,EAEiB,kBAFjB,EAGGE,GAHH,CAGO,UAACC,GAAD,EAAMC,GAAN,EAAc;AACjBjB,MAAAA,MAAM,CAACiB,GAAG,CAACC,MAAL,CAAN,CAAmBC,EAAnB,CAAsBC,KAAtB,CAA4B,GAA5B;AACApB,MAAAA,MAAM,CAACiB,GAAG,CAACI,IAAJ,CAASC,IAAV,CAAN,CAAsBH,EAAtB,CAAyBI,OAAzB,CAAiC,EAAjC;AACApB,MAAAA,IAAI;AACL,KAPH;AAQD,GAVC,CAAF;AAYAD,EAAAA,EAAE,CAAC,gDAAD,EAAmD,UAACC,IAAD,EAAU;AAC7D,QAAM0B,SAAS,GAAG,GAAlB;;AACAhC,qBAAKa,OAAL,CAAaC,iBAAb,uCAC8BkB,SAD9B,GAEGhB,GAFH,CAEO,QAFP,EAEiB,kBAFjB,EAGGE,GAHH,CAGO,UAACC,GAAD,EAAMC,GAAN,EAAc;AACjBjB,MAAAA,MAAM,CAACiB,GAAG,CAACC,MAAL,CAAN,CAAmBC,EAAnB,CAAsBC,KAAtB,CAA4B,GAA5B;AACAH,MAAAA,GAAG,CAACI,IAAJ,CAASK,MAAT,CAAgBC,IAAhB,CAAqBC,QAArB,CAA8B,SAA9B,EACqBE,GADrB,+BACgDD,SADhD;AAEA1B,MAAAA,IAAI;AACL,KARH;AASD,GAXC,CAAF;AAaAD,EAAAA,EAAE,CAAC,oDAAD,EAAuD,UAACC,IAAD,EAAU;AACjE,QAAM0B,SAAS,GAAG,KAAlB;;AACAhC,qBAAKa,OAAL,CAAaC,iBAAb,uCAC8BkB,SAD9B,GAEGhB,GAFH,CAEO,QAFP,EAEiB,kBAFjB,EAGGE,GAHH,CAGO,UAACC,GAAD,EAAMC,GAAN,EAAc;AACjBjB,MAAAA,MAAM,CAACiB,GAAG,CAACC,MAAL,CAAN,CAAmBC,EAAnB,CAAsBC,KAAtB,CAA4B,GAA5B;AACAH,MAAAA,GAAG,CAACI,IAAJ,CAASK,MAAT,CAAgBC,IAAhB,CAAqBC,QAArB,CAA8B,SAA9B,EAAyCE,GAAzC,CAA6C,gCAA7C;AACA3B,MAAAA,IAAI;AACL,KAPH;AAQD,GAVC,CAAF;AAWD,CAhOO,CAAR","sourceRoot":"/Users/user/Documents/Projects/testabs/src/bookings/","sourcesContent":["import chai from 'chai';\nimport chatHttp from 'chai-http';\nimport 'chai/register-should';\nimport app from '../index';\n\nchai.use(chatHttp);\nconst { expect } = chai;\n\ndescribe('Testing the booking endpoints:', () => {\n  it('It should create a booking', (done) => {\n    const booking = {\n      number_of_guests: 2,\n      user_id: 3,\n      checkin_date: new Date('2020-04-12T23:00:00.000Z'),\n      checkout_date: new Date('4/15/20')\n    };\n    chai.request(app)\n      .post('/api/v1/bookings')\n      .set('Accept', 'application/json')\n      .send(booking)\n      .end((err, res) => {\n        expect(res.status).to.equal(201);\n        expect(res.body.data).to.include({\n          id: 1,\n          number_of_guests: booking.number_of_guests,\n          user_id: booking.user_id,\n          checkin_date: booking.checkin_date,\n          checkout_date: booking.checkout_date,\n        });\n        done();\n      });\n  });\n  \n  // Second create\n  it('It should create another booking', (done) => {\n    const booking = {\n        number_of_guests: 6,\n        user_id: 2,\n        checkin_date: new Date('2/12/2020'),\n        checkout_date: new Date('2/15/2020')\n    };\n    chai.request(app)\n      .post('/api/v1/bookings')\n      .set('Accept', 'application/json')\n      .send(booking)\n      .end((err, res) => {\n        expect(res.status).to.equal(201);\n        expect(res.body.data).to.include({\n          id: 2,\n          number_of_guests: booking.number_of_guests,\n          user_id: booking.user_id,\n          checkin_date: booking.checkin_date,\n          checkout_date: booking.checkout_date,\n        });\n        done();\n      });\n  });\n\n  it('It should not create a booking with incomplete parameters', (done) => {\n    const booking = {\n      number_of_guests: 3,\n    };\n    chai.request(app)\n      .post('/api/v1/bookings')\n      .set('Accept', 'application/json')\n      .send(booking)\n      .end((err, res) => {\n        expect(res.status).to.equal(400);\n        done();\n      });\n  });\n\n  it('It should get all bookings', (done) => {\n    chai.request(app)\n      .get('/api/v1/bookings')\n      .set('Accept', 'application/json')\n      .end((err, res) => {\n        expect(res.status).to.equal(200);\n        res.body.data[0].should.have.property('id');\n        res.body.data[0].should.have.property('number_of_guests');\n        res.body.data[0].should.have.property('user_id');\n        res.body.data[0].should.have.property('checkin_date');\n        res.body.data[0].should.have.property('checkout_date');\n        done();\n      });\n  });\n\n  it('It should get a particular booking', (done) => {\n    const bookingId = '1';\n    chai.request(app)\n      .get(`/api/v1/bookings/${bookingId}`)\n      .set('Accept', 'application/json')\n      .end((err, res) => {\n        expect(res.status).to.equal(200);\n        res.body.data.should.have.property('id');\n        res.body.data.should.have.property('number_of_guests');\n        res.body.data.should.have.property('user_id');\n        res.body.data.should.have.property('checkin_date');\n        res.body.data.should.have.property('checkout_date');\n        done();\n      });\n  });\n\n  it('It should not get a particular booking with invalid id', (done) => {\n    const bookingId = 8888;\n    chai.request(app)\n      .get(`/api/v1/bookings/${bookingId}`)\n      .set('Accept', 'application/json')\n      .end((err, res) => {\n        expect(res.status).to.equal(404);\n        res.body.should.have.property('message')\n                            .eql(`Cannot find booking with the id ${bookingId}`);\n        done();\n      });\n  });\n\n  it('It should not get a particular booking with non-numeric id', (done) => {\n    const bookingId = 'aaa';\n    chai.request(app)\n      .get(`/api/v1/bookings/${bookingId}`)\n      .set('Accept', 'application/json')\n      .end((err, res) => {\n        expect(res.status).to.equal(400);\n        res.body.should.have.property('message')\n                            .eql('Please input a valid numeric value');\n        done();\n      });\n  });\n\n  it('It should update a booking', (done) => {\n    const bookingId = '1';\n    const updatedBooking = {\n      id: 1,\n      number_of_guests: 2,\n      user_id: 3,\n      checkin_date: '1/20/20',\n      checkout_date: '1/29/20'\n    };\n    chai.request(app)\n      .put(`/api/v1/bookings/${bookingId}`)\n      .set('Accept', 'application/json')\n      .send(updatedBooking)\n      .end((err, res) => {\n        expect(res.status).to.equal(200);\n        expect(res.body.data.id).equal(updatedBooking.id);\n        expect(res.body.data.number_of_guests).equal(updatedBooking.number_of_guests);\n        expect(res.body.data.user_id).equal(updatedBooking.user_id);\n        expect(res.body.data.checkin_date).equal(updatedBooking.checkin_date);\n        expect(res.body.data.checkout_date).equal(updatedBooking.checkout_date);\n        done();\n      });\n  });\n\n  it('It should not update a booking with invalid id', (done) => {\n    const bookingId = '9999';\n    const updatedbooking = {\n      id: bookingId,\n      number_of_guests: 3,\n      user_id: 3,\n      checkin_date: new Date('1/2/20'),\n      checkout_date: new Date('1/6/20')\n    };\n    chai.request(app)\n      .put(`/api/v1/bookings/${bookingId}`)\n      .set('Accept', 'application/json')\n      .send(updatedbooking)\n      .end((err, res) => {\n        expect(res.status).to.equal(404);\n        res.body.should.have.property('message')\n                            .eql(`Cannot find booking with the id: ${bookingId}`);\n        done();\n      });\n  });\n\n  it('It should not update a booking with non-numeric id value', (done) => {\n    const bookingId = 'ggg';\n    const updatedbooking = {\n      id: bookingId,\n      number_of_guests: 4,\n      user_id: 3,\n      checkin_date: new Date('1/2/20'),\n      checkout_date: new Date('1/6/20')\n    };\n    chai.request(app)\n      .put(`/api/v1/bookings/${bookingId}`)\n      .set('Accept', 'application/json')\n      .send(updatedbooking)\n      .end((err, res) => {\n        expect(res.status).to.equal(400);\n        res.body.should.have.property('message')\n                            .eql('Please input a valid numeric value');\n        done();\n      });\n  });\n\n\n  it('It should delete a booking', (done) => {\n    const bookingId = 1;\n    chai.request(app)\n      .delete(`/api/v1/bookings/${bookingId}`)\n      .set('Accept', 'application/json')\n      .end((err, res) => {\n        expect(res.status).to.equal(200);\n        expect(res.body.data).to.include({});\n        done();\n      });\n  });\n\n  it('It should not delete a booking with invalid id', (done) => {\n    const bookingId = 777;\n    chai.request(app)\n      .delete(`/api/v1/bookings/${bookingId}`)\n      .set('Accept', 'application/json')\n      .end((err, res) => {\n        expect(res.status).to.equal(404);\n        res.body.should.have.property('message')\n                            .eql(`Booking with the id ${bookingId} cannot be found`);\n        done();\n      });\n  });\n\n  it('It should not delete a booking with non-numeric id', (done) => {\n    const bookingId = 'bbb';\n    chai.request(app)\n      .delete(`/api/v1/bookings/${bookingId}`)\n      .set('Accept', 'application/json')\n      .end((err, res) => {\n        expect(res.status).to.equal(400);\n        res.body.should.have.property('message').eql('Please provide a numeric value');\n        done();\n      });\n  });\n});"]},"_coverageSchema":"1a1c01bbd47fc00a2c39e90264f33305004495a9","hash":"3a91892d85fab214921c4e9653ead9fe743f86e7","contentHash":"d1730e227c9c734971bf2860556445fed746eb88802473e96d11a78386fedde6"},"/Users/user/Documents/Projects/testabs/src/index.js":{"path":"/Users/user/Documents/Projects/testabs/src/index.js","statementMap":{"0":{"start":{"line":3,"column":29},"end":{"line":3,"column":84}},"1":{"start":{"line":5,"column":0},"end":{"line":7,"column":3}},"2":{"start":{"line":8,"column":0},"end":{"line":8,"column":28}},"3":{"start":{"line":10,"column":14},"end":{"line":10,"column":55}},"4":{"start":{"line":12,"column":15},"end":{"line":12,"column":57}},"5":{"start":{"line":14,"column":18},"end":{"line":14,"column":64}},"6":{"start":{"line":16,"column":13},"end":{"line":16,"column":66}},"7":{"start":{"line":18,"column":14},"end":{"line":18,"column":70}},"8":{"start":{"line":20,"column":0},"end":{"line":20,"column":28}},"9":{"start":{"line":22,"column":10},"end":{"line":22,"column":36}},"10":{"start":{"line":23,"column":0},"end":{"line":23,"column":39}},"11":{"start":{"line":24,"column":0},"end":{"line":26,"column":4}},"12":{"start":{"line":27,"column":11},"end":{"line":27,"column":35}},"13":{"start":{"line":28,"column":0},"end":{"line":28,"column":44}},"14":{"start":{"line":29,"column":0},"end":{"line":29,"column":48}},"15":{"start":{"line":31,"column":0},"end":{"line":35,"column":3}},"16":{"start":{"line":32,"column":2},"end":{"line":34,"column":5}},"17":{"start":{"line":36,"column":0},"end":{"line":38,"column":3}},"18":{"start":{"line":37,"column":2},"end":{"line":37,"column":57}},"19":{"start":{"line":39,"column":15},"end":{"line":39,"column":18}},"20":{"start":{"line":40,"column":0},"end":{"line":40,"column":30}}},"fnMap":{"0":{"name":"(anonymous_0)","decl":{"start":{"line":31,"column":13},"end":{"line":31,"column":14}},"loc":{"start":{"line":31,"column":33},"end":{"line":35,"column":1}},"line":31},"1":{"name":"(anonymous_1)","decl":{"start":{"line":36,"column":17},"end":{"line":36,"column":18}},"loc":{"start":{"line":36,"column":29},"end":{"line":38,"column":1}},"line":36}},"branchMap":{"0":{"loc":{"start":{"line":27,"column":11},"end":{"line":27,"column":35}},"type":"binary-expr","locations":[{"start":{"line":27,"column":11},"end":{"line":27,"column":27}},{"start":{"line":27,"column":31},"end":{"line":27,"column":35}}],"line":27}},"s":{"0":1,"1":1,"2":1,"3":1,"4":1,"5":1,"6":1,"7":1,"8":1,"9":1,"10":1,"11":1,"12":1,"13":1,"14":1,"15":1,"16":0,"17":1,"18":1,"19":1,"20":1},"f":{"0":0,"1":1},"b":{"0":[1,1]},"inputSourceMap":{"version":3,"sources":["index.js"],"names":["dotenv","config","app","use","bodyParser","json","urlencoded","extended","port","process","env","PORT","roomRouter","bookingRouter","get","req","res","status","send","message","listen","console","log"],"mappings":";;;;;;;;;AAAA;;AACA;;AACA;;AACA;;AACA;;AAEAA,mBAAOC,MAAP;;AAEA,IAAMC,GAAG,GAAG,0BAAZ;AACAA,GAAG,CAACC,GAAJ,CAAQC,uBAAWC,IAAX,EAAR;AACAH,GAAG,CAACC,GAAJ,CAAQC,uBAAWE,UAAX,CAAsB;AAAEC,EAAAA,QAAQ,EAAE;AAAZ,CAAtB,CAAR;AACA,IAAMC,IAAI,GAAGC,OAAO,CAACC,GAAR,CAAYC,IAAZ,IAAoB,IAAjC;AAEAT,GAAG,CAACC,GAAJ,CAAQ,eAAR,EAAyBS,iBAAzB;AACAV,GAAG,CAACC,GAAJ,CAAQ,kBAAR,EAA4BU,kBAA5B,E,CAEA;;AACAX,GAAG,CAACY,GAAJ,CAAQ,GAAR,EAAa,UAACC,GAAD,EAAMC,GAAN;AAAA,SAAcA,GAAG,CAACC,MAAJ,CAAW,GAAX,EAAgBC,IAAhB,CAAqB;AAC7CC,IAAAA,OAAO,EAAE;AADoC,GAArB,CAAd;AAAA,CAAb;AAGAjB,GAAG,CAACkB,MAAJ,CAAWZ,IAAX,EAAiB,YAAM;AACpBa,EAAAA,OAAO,CAACC,GAAR,qCAAyCd,IAAzC;AACF,CAFD;eAGeN,G","sourceRoot":"/Users/user/Documents/Projects/testabs/src/","sourcesContent":["import dotenv from 'dotenv';\nimport express from 'express';\nimport bodyParser from 'body-parser';\nimport roomRouter from '../src/rooms/route';\nimport bookingRouter from '../src/bookings/route';\n\ndotenv.config();\n\nconst app = express();\napp.use(bodyParser.json());\napp.use(bodyParser.urlencoded({ extended: false }));\nconst port = process.env.PORT || 1900;\n\napp.use('/api/v1/rooms', roomRouter);\napp.use('/api/v1/bookings', bookingRouter);\n\n// when a random route is inputed\napp.get('*', (req, res) => res.status(200).send({\n   message: 'Welcome to this API.'\n}));\napp.listen(port, () => {\n   console.log(`Server is running on PORT ${port}`);\n});\nexport default app;"]},"_coverageSchema":"1a1c01bbd47fc00a2c39e90264f33305004495a9","hash":"84d8863c3e88f8984d7f2b64200d0607406dc747","contentHash":"160c7c7861d86e673184d36dae9843e907dae5e80223d6476efce90c3eb2bb20"},"/Users/user/Documents/Projects/testabs/src/rooms/route.js":{"path":"/Users/user/Documents/Projects/testabs/src/rooms/route.js","statementMap":{"0":{"start":{"line":3,"column":29},"end":{"line":3,"column":84}},"1":{"start":{"line":5,"column":0},"end":{"line":7,"column":3}},"2":{"start":{"line":8,"column":0},"end":{"line":8,"column":28}},"3":{"start":{"line":10,"column":15},"end":{"line":10,"column":33}},"4":{"start":{"line":12,"column":18},"end":{"line":12,"column":65}},"5":{"start":{"line":14,"column":17},"end":{"line":14,"column":39}},"6":{"start":{"line":15,"column":0},"end":{"line":15,"column":56}},"7":{"start":{"line":16,"column":0},"end":{"line":16,"column":53}},"8":{"start":{"line":17,"column":0},"end":{"line":17,"column":56}},"9":{"start":{"line":18,"column":0},"end":{"line":18,"column":59}},"10":{"start":{"line":19,"column":0},"end":{"line":19,"column":64}},"11":{"start":{"line":20,"column":15},"end":{"line":20,"column":25}},"12":{"start":{"line":21,"column":0},"end":{"line":21,"column":30}}},"fnMap":{},"branchMap":{},"s":{"0":1,"1":1,"2":1,"3":1,"4":1,"5":1,"6":1,"7":1,"8":1,"9":1,"10":1,"11":1,"12":1},"f":{},"b":{},"inputSourceMap":{"version":3,"sources":["route.js"],"names":["roomRouter","get","RoomController","getAllRooms","post","addRoom","getARoom","put","updatedRoom","deleteRoom"],"mappings":";;;;;;;;;AAAA;;AACA;;AAGA,IAAMA,UAAU,GAAG,sBAAnB;AAEAA,UAAU,CAACC,GAAX,CAAe,GAAf,EAAoBC,uBAAeC,WAAnC;AACAH,UAAU,CAACI,IAAX,CAAgB,GAAhB,EAAqBF,uBAAeG,OAApC;AACAL,UAAU,CAACC,GAAX,CAAe,MAAf,EAAuBC,uBAAeI,QAAtC;AACAN,UAAU,CAACO,GAAX,CAAe,MAAf,EAAuBL,uBAAeM,WAAtC;AACAR,UAAU,UAAV,CAAkB,MAAlB,EAA0BE,uBAAeO,UAAzC;eAEeT,U","sourceRoot":"/Users/user/Documents/Projects/testabs/src/rooms/","sourcesContent":["import { Router } from 'express';\nimport RoomController from './controller';\n\n\nconst roomRouter = Router();\n\nroomRouter.get('/', RoomController.getAllRooms);\nroomRouter.post('/', RoomController.addRoom);\nroomRouter.get('/:id', RoomController.getARoom);\nroomRouter.put('/:id', RoomController.updatedRoom);\nroomRouter.delete('/:id', RoomController.deleteRoom);\n\nexport default roomRouter;"]},"_coverageSchema":"1a1c01bbd47fc00a2c39e90264f33305004495a9","hash":"d701e3192f9597bc2e139f18f52778f68f0bd995","contentHash":"c5c288d84cde24ce5c0fe474e227fc247e33202b5696ac29ccc1a6017d5eb43c"},"/Users/user/Documents/Projects/testabs/src/rooms/controller.js":{"path":"/Users/user/Documents/Projects/testabs/src/rooms/controller.js","statementMap":{"0":{"start":{"line":3,"column":29},"end":{"line":3,"column":84}},"1":{"start":{"line":5,"column":0},"end":{"line":7,"column":3}},"2":{"start":{"line":8,"column":0},"end":{"line":8,"column":28}},"3":{"start":{"line":10,"column":19},"end":{"line":10,"column":80}},"4":{"start":{"line":12,"column":25},"end":{"line":12,"column":99}},"5":{"start":{"line":14,"column":23},"end":{"line":14,"column":95}},"6":{"start":{"line":16,"column":20},"end":{"line":16,"column":89}},"7":{"start":{"line":18,"column":15},"end":{"line":18,"column":59}},"8":{"start":{"line":20,"column":12},"end":{"line":20,"column":60}},"9":{"start":{"line":22,"column":11},"end":{"line":22,"column":33}},"10":{"start":{"line":24,"column":34},"end":{"line":292,"column":3}},"11":{"start":{"line":26,"column":4},"end":{"line":26,"column":59}},"12":{"start":{"line":29,"column":2},"end":{"line":290,"column":6}},"13":{"start":{"line":32,"column":25},"end":{"line":65,"column":9}},"14":{"start":{"line":34,"column":8},"end":{"line":64,"column":36}},"15":{"start":{"line":35,"column":10},"end":{"line":63,"column":11}},"16":{"start":{"line":36,"column":12},"end":{"line":62,"column":13}},"17":{"start":{"line":38,"column":16},"end":{"line":38,"column":34}},"18":{"start":{"line":39,"column":16},"end":{"line":39,"column":34}},"19":{"start":{"line":40,"column":16},"end":{"line":40,"column":57}},"20":{"start":{"line":43,"column":16},"end":{"line":43,"column":41}},"21":{"start":{"line":45,"column":16},"end":{"line":49,"column":17}},"22":{"start":{"line":46,"column":18},"end":{"line":46,"column":68}},"23":{"start":{"line":48,"column":18},"end":{"line":48,"column":56}},"24":{"start":{"line":51,"column":16},"end":{"line":51,"column":65}},"25":{"start":{"line":54,"column":16},"end":{"line":54,"column":34}},"26":{"start":{"line":55,"column":16},"end":{"line":55,"column":51}},"27":{"start":{"line":56,"column":16},"end":{"line":56,"column":48}},"28":{"start":{"line":57,"column":16},"end":{"line":57,"column":65}},"29":{"start":{"line":61,"column":16},"end":{"line":61,"column":39}},"30":{"start":{"line":68,"column":8},"end":{"line":68,"column":51}},"31":{"start":{"line":71,"column":6},"end":{"line":71,"column":25}},"32":{"start":{"line":76,"column":21},"end":{"line":113,"column":9}},"33":{"start":{"line":78,"column":8},"end":{"line":112,"column":38}},"34":{"start":{"line":79,"column":10},"end":{"line":111,"column":11}},"35":{"start":{"line":80,"column":12},"end":{"line":110,"column":13}},"36":{"start":{"line":82,"column":16},"end":{"line":85,"column":17}},"37":{"start":{"line":83,"column":18},"end":{"line":83,"column":37}},"38":{"start":{"line":84,"column":18},"end":{"line":84,"column":24}},"39":{"start":{"line":87,"column":16},"end":{"line":87,"column":70}},"40":{"start":{"line":88,"column":16},"end":{"line":88,"column":66}},"41":{"start":{"line":91,"column":16},"end":{"line":91,"column":35}},"42":{"start":{"line":92,"column":16},"end":{"line":92,"column":35}},"43":{"start":{"line":93,"column":16},"end":{"line":93,"column":35}},"44":{"start":{"line":94,"column":16},"end":{"line":94,"column":60}},"45":{"start":{"line":97,"column":16},"end":{"line":97,"column":45}},"46":{"start":{"line":98,"column":16},"end":{"line":98,"column":65}},"47":{"start":{"line":99,"column":16},"end":{"line":99,"column":66}},"48":{"start":{"line":102,"column":16},"end":{"line":102,"column":36}},"49":{"start":{"line":103,"column":16},"end":{"line":103,"column":53}},"50":{"start":{"line":104,"column":16},"end":{"line":104,"column":57}},"51":{"start":{"line":105,"column":16},"end":{"line":105,"column":66}},"52":{"start":{"line":109,"column":16},"end":{"line":109,"column":40}},"53":{"start":{"line":116,"column":8},"end":{"line":116,"column":47}},"54":{"start":{"line":119,"column":6},"end":{"line":119,"column":21}},"55":{"start":{"line":124,"column":25},"end":{"line":171,"column":9}},"56":{"start":{"line":127,"column":8},"end":{"line":170,"column":38}},"57":{"start":{"line":128,"column":10},"end":{"line":169,"column":11}},"58":{"start":{"line":129,"column":12},"end":{"line":168,"column":13}},"59":{"start":{"line":131,"column":16},"end":{"line":131,"column":39}},"60":{"start":{"line":132,"column":16},"end":{"line":132,"column":35}},"61":{"start":{"line":134,"column":16},"end":{"line":137,"column":17}},"62":{"start":{"line":135,"column":18},"end":{"line":135,"column":37}},"63":{"start":{"line":136,"column":18},"end":{"line":136,"column":24}},"64":{"start":{"line":139,"column":16},"end":{"line":139,"column":73}},"65":{"start":{"line":140,"column":16},"end":{"line":140,"column":66}},"66":{"start":{"line":143,"column":16},"end":{"line":143,"column":35}},"67":{"start":{"line":144,"column":16},"end":{"line":144,"column":35}},"68":{"start":{"line":145,"column":16},"end":{"line":145,"column":71}},"69":{"start":{"line":148,"column":16},"end":{"line":148,"column":47}},"70":{"start":{"line":150,"column":16},"end":{"line":154,"column":17}},"71":{"start":{"line":151,"column":18},"end":{"line":151,"column":82}},"72":{"start":{"line":153,"column":18},"end":{"line":153,"column":70}},"73":{"start":{"line":156,"column":16},"end":{"line":156,"column":66}},"74":{"start":{"line":159,"column":16},"end":{"line":159,"column":36}},"75":{"start":{"line":160,"column":16},"end":{"line":160,"column":53}},"76":{"start":{"line":161,"column":16},"end":{"line":161,"column":51}},"77":{"start":{"line":162,"column":16},"end":{"line":162,"column":49}},"78":{"start":{"line":163,"column":16},"end":{"line":163,"column":66}},"79":{"start":{"line":167,"column":16},"end":{"line":167,"column":40}},"80":{"start":{"line":174,"column":8},"end":{"line":174,"column":51}},"81":{"start":{"line":177,"column":6},"end":{"line":177,"column":25}},"82":{"start":{"line":182,"column":22},"end":{"line":227,"column":9}},"83":{"start":{"line":184,"column":8},"end":{"line":226,"column":38}},"84":{"start":{"line":185,"column":10},"end":{"line":225,"column":11}},"85":{"start":{"line":186,"column":12},"end":{"line":224,"column":13}},"86":{"start":{"line":188,"column":16},"end":{"line":188,"column":35}},"87":{"start":{"line":190,"column":16},"end":{"line":193,"column":17}},"88":{"start":{"line":191,"column":18},"end":{"line":191,"column":37}},"89":{"start":{"line":192,"column":18},"end":{"line":192,"column":24}},"90":{"start":{"line":195,"column":16},"end":{"line":195,"column":73}},"91":{"start":{"line":196,"column":16},"end":{"line":196,"column":66}},"92":{"start":{"line":199,"column":16},"end":{"line":199,"column":35}},"93":{"start":{"line":200,"column":16},"end":{"line":200,"column":35}},"94":{"start":{"line":201,"column":16},"end":{"line":201,"column":56}},"95":{"start":{"line":204,"column":16},"end":{"line":204,"column":38}},"96":{"start":{"line":206,"column":16},"end":{"line":210,"column":17}},"97":{"start":{"line":207,"column":18},"end":{"line":207,"column":81}},"98":{"start":{"line":209,"column":18},"end":{"line":209,"column":59}},"99":{"start":{"line":212,"column":16},"end":{"line":212,"column":66}},"100":{"start":{"line":215,"column":16},"end":{"line":215,"column":36}},"101":{"start":{"line":216,"column":16},"end":{"line":216,"column":53}},"102":{"start":{"line":217,"column":16},"end":{"line":217,"column":51}},"103":{"start":{"line":218,"column":16},"end":{"line":218,"column":49}},"104":{"start":{"line":219,"column":16},"end":{"line":219,"column":66}},"105":{"start":{"line":223,"column":16},"end":{"line":223,"column":40}},"106":{"start":{"line":230,"column":8},"end":{"line":230,"column":48}},"107":{"start":{"line":233,"column":6},"end":{"line":233,"column":22}},"108":{"start":{"line":238,"column":24},"end":{"line":282,"column":9}},"109":{"start":{"line":240,"column":8},"end":{"line":281,"column":38}},"110":{"start":{"line":241,"column":10},"end":{"line":280,"column":11}},"111":{"start":{"line":242,"column":12},"end":{"line":279,"column":13}},"112":{"start":{"line":244,"column":16},"end":{"line":244,"column":35}},"113":{"start":{"line":246,"column":16},"end":{"line":249,"column":17}},"114":{"start":{"line":247,"column":18},"end":{"line":247,"column":37}},"115":{"start":{"line":248,"column":18},"end":{"line":248,"column":24}},"116":{"start":{"line":251,"column":16},"end":{"line":251,"column":69}},"117":{"start":{"line":252,"column":16},"end":{"line":252,"column":66}},"118":{"start":{"line":255,"column":16},"end":{"line":255,"column":35}},"119":{"start":{"line":256,"column":16},"end":{"line":256,"column":35}},"120":{"start":{"line":257,"column":16},"end":{"line":257,"column":58}},"121":{"start":{"line":260,"column":16},"end":{"line":260,"column":46}},"122":{"start":{"line":262,"column":16},"end":{"line":266,"column":17}},"123":{"start":{"line":263,"column":18},"end":{"line":263,"column":55}},"124":{"start":{"line":265,"column":18},"end":{"line":265,"column":89}},"125":{"start":{"line":268,"column":16},"end":{"line":268,"column":66}},"126":{"start":{"line":271,"column":16},"end":{"line":271,"column":36}},"127":{"start":{"line":272,"column":16},"end":{"line":272,"column":53}},"128":{"start":{"line":273,"column":16},"end":{"line":273,"column":49}},"129":{"start":{"line":274,"column":16},"end":{"line":274,"column":66}},"130":{"start":{"line":278,"column":16},"end":{"line":278,"column":40}},"131":{"start":{"line":285,"column":8},"end":{"line":285,"column":50}},"132":{"start":{"line":288,"column":6},"end":{"line":288,"column":24}},"133":{"start":{"line":291,"column":2},"end":{"line":291,"column":24}},"134":{"start":{"line":294,"column":15},"end":{"line":294,"column":29}},"135":{"start":{"line":295,"column":0},"end":{"line":295,"column":30}}},"fnMap":{"0":{"name":"(anonymous_0)","decl":{"start":{"line":24,"column":34},"end":{"line":24,"column":35}},"loc":{"start":{"line":24,"column":46},"end":{"line":292,"column":1}},"line":24},"1":{"name":"RoomController","decl":{"start":{"line":25,"column":11},"end":{"line":25,"column":25}},"loc":{"start":{"line":25,"column":28},"end":{"line":27,"column":3}},"line":25},"2":{"name":"(anonymous_2)","decl":{"start":{"line":31,"column":11},"end":{"line":31,"column":12}},"loc":{"start":{"line":31,"column":23},"end":{"line":72,"column":5}},"line":31},"3":{"name":"_callee","decl":{"start":{"line":32,"column":112},"end":{"line":32,"column":119}},"loc":{"start":{"line":32,"column":130},"end":{"line":65,"column":7}},"line":32},"4":{"name":"_callee$","decl":{"start":{"line":34,"column":53},"end":{"line":34,"column":61}},"loc":{"start":{"line":34,"column":72},"end":{"line":64,"column":9}},"line":34},"5":{"name":"getAllRooms","decl":{"start":{"line":67,"column":15},"end":{"line":67,"column":26}},"loc":{"start":{"line":67,"column":36},"end":{"line":69,"column":7}},"line":67},"6":{"name":"(anonymous_6)","decl":{"start":{"line":75,"column":11},"end":{"line":75,"column":12}},"loc":{"start":{"line":75,"column":23},"end":{"line":120,"column":5}},"line":75},"7":{"name":"_callee2","decl":{"start":{"line":76,"column":108},"end":{"line":76,"column":116}},"loc":{"start":{"line":76,"column":127},"end":{"line":113,"column":7}},"line":76},"8":{"name":"_callee2$","decl":{"start":{"line":78,"column":53},"end":{"line":78,"column":62}},"loc":{"start":{"line":78,"column":74},"end":{"line":112,"column":9}},"line":78},"9":{"name":"addRoom","decl":{"start":{"line":115,"column":15},"end":{"line":115,"column":22}},"loc":{"start":{"line":115,"column":33},"end":{"line":117,"column":7}},"line":115},"10":{"name":"(anonymous_10)","decl":{"start":{"line":123,"column":11},"end":{"line":123,"column":12}},"loc":{"start":{"line":123,"column":23},"end":{"line":178,"column":5}},"line":123},"11":{"name":"_callee3","decl":{"start":{"line":124,"column":112},"end":{"line":124,"column":120}},"loc":{"start":{"line":124,"column":131},"end":{"line":171,"column":7}},"line":124},"12":{"name":"_callee3$","decl":{"start":{"line":127,"column":53},"end":{"line":127,"column":62}},"loc":{"start":{"line":127,"column":74},"end":{"line":170,"column":9}},"line":127},"13":{"name":"updatedRoom","decl":{"start":{"line":173,"column":15},"end":{"line":173,"column":26}},"loc":{"start":{"line":173,"column":37},"end":{"line":175,"column":7}},"line":173},"14":{"name":"(anonymous_14)","decl":{"start":{"line":181,"column":11},"end":{"line":181,"column":12}},"loc":{"start":{"line":181,"column":23},"end":{"line":234,"column":5}},"line":181},"15":{"name":"_callee4","decl":{"start":{"line":182,"column":109},"end":{"line":182,"column":117}},"loc":{"start":{"line":182,"column":128},"end":{"line":227,"column":7}},"line":182},"16":{"name":"_callee4$","decl":{"start":{"line":184,"column":53},"end":{"line":184,"column":62}},"loc":{"start":{"line":184,"column":74},"end":{"line":226,"column":9}},"line":184},"17":{"name":"getARoom","decl":{"start":{"line":229,"column":15},"end":{"line":229,"column":23}},"loc":{"start":{"line":229,"column":34},"end":{"line":231,"column":7}},"line":229},"18":{"name":"(anonymous_18)","decl":{"start":{"line":237,"column":11},"end":{"line":237,"column":12}},"loc":{"start":{"line":237,"column":23},"end":{"line":289,"column":5}},"line":237},"19":{"name":"_callee5","decl":{"start":{"line":238,"column":111},"end":{"line":238,"column":119}},"loc":{"start":{"line":238,"column":130},"end":{"line":282,"column":7}},"line":238},"20":{"name":"_callee5$","decl":{"start":{"line":240,"column":53},"end":{"line":240,"column":62}},"loc":{"start":{"line":240,"column":74},"end":{"line":281,"column":9}},"line":240},"21":{"name":"deleteRoom","decl":{"start":{"line":284,"column":15},"end":{"line":284,"column":25}},"loc":{"start":{"line":284,"column":37},"end":{"line":286,"column":7}},"line":284}},"branchMap":{"0":{"loc":{"start":{"line":36,"column":12},"end":{"line":62,"column":13}},"type":"switch","locations":[{"start":{"line":37,"column":14},"end":{"line":40,"column":57}},{"start":{"line":42,"column":14},"end":{"line":51,"column":65}},{"start":{"line":53,"column":14},"end":{"line":57,"column":65}},{"start":{"line":59,"column":14},"end":{"line":59,"column":22}},{"start":{"line":60,"column":14},"end":{"line":61,"column":39}}],"line":36},"1":{"loc":{"start":{"line":45,"column":16},"end":{"line":49,"column":17}},"type":"if","locations":[{"start":{"line":45,"column":16},"end":{"line":49,"column":17}},{"start":{"line":45,"column":16},"end":{"line":49,"column":17}}],"line":45},"2":{"loc":{"start":{"line":80,"column":12},"end":{"line":110,"column":13}},"type":"switch","locations":[{"start":{"line":81,"column":14},"end":{"line":88,"column":66}},{"start":{"line":90,"column":14},"end":{"line":94,"column":60}},{"start":{"line":96,"column":14},"end":{"line":99,"column":66}},{"start":{"line":101,"column":14},"end":{"line":105,"column":66}},{"start":{"line":107,"column":14},"end":{"line":107,"column":22}},{"start":{"line":108,"column":14},"end":{"line":109,"column":40}}],"line":80},"3":{"loc":{"start":{"line":82,"column":16},"end":{"line":85,"column":17}},"type":"if","locations":[{"start":{"line":82,"column":16},"end":{"line":85,"column":17}},{"start":{"line":82,"column":16},"end":{"line":85,"column":17}}],"line":82},"4":{"loc":{"start":{"line":82,"column":22},"end":{"line":82,"column":107}},"type":"binary-expr","locations":[{"start":{"line":82,"column":22},"end":{"line":82,"column":36}},{"start":{"line":82,"column":40},"end":{"line":82,"column":60}},{"start":{"line":82,"column":64},"end":{"line":82,"column":88}},{"start":{"line":82,"column":92},"end":{"line":82,"column":107}}],"line":82},"5":{"loc":{"start":{"line":129,"column":12},"end":{"line":168,"column":13}},"type":"switch","locations":[{"start":{"line":130,"column":14},"end":{"line":140,"column":66}},{"start":{"line":142,"column":14},"end":{"line":145,"column":71}},{"start":{"line":147,"column":14},"end":{"line":156,"column":66}},{"start":{"line":158,"column":14},"end":{"line":163,"column":66}},{"start":{"line":165,"column":14},"end":{"line":165,"column":22}},{"start":{"line":166,"column":14},"end":{"line":167,"column":40}}],"line":129},"6":{"loc":{"start":{"line":134,"column":16},"end":{"line":137,"column":17}},"type":"if","locations":[{"start":{"line":134,"column":16},"end":{"line":137,"column":17}},{"start":{"line":134,"column":16},"end":{"line":137,"column":17}}],"line":134},"7":{"loc":{"start":{"line":150,"column":16},"end":{"line":154,"column":17}},"type":"if","locations":[{"start":{"line":150,"column":16},"end":{"line":154,"column":17}},{"start":{"line":150,"column":16},"end":{"line":154,"column":17}}],"line":150},"8":{"loc":{"start":{"line":186,"column":12},"end":{"line":224,"column":13}},"type":"switch","locations":[{"start":{"line":187,"column":14},"end":{"line":196,"column":66}},{"start":{"line":198,"column":14},"end":{"line":201,"column":56}},{"start":{"line":203,"column":14},"end":{"line":212,"column":66}},{"start":{"line":214,"column":14},"end":{"line":219,"column":66}},{"start":{"line":221,"column":14},"end":{"line":221,"column":22}},{"start":{"line":222,"column":14},"end":{"line":223,"column":40}}],"line":186},"9":{"loc":{"start":{"line":190,"column":16},"end":{"line":193,"column":17}},"type":"if","locations":[{"start":{"line":190,"column":16},"end":{"line":193,"column":17}},{"start":{"line":190,"column":16},"end":{"line":193,"column":17}}],"line":190},"10":{"loc":{"start":{"line":206,"column":16},"end":{"line":210,"column":17}},"type":"if","locations":[{"start":{"line":206,"column":16},"end":{"line":210,"column":17}},{"start":{"line":206,"column":16},"end":{"line":210,"column":17}}],"line":206},"11":{"loc":{"start":{"line":242,"column":12},"end":{"line":279,"column":13}},"type":"switch","locations":[{"start":{"line":243,"column":14},"end":{"line":252,"column":66}},{"start":{"line":254,"column":14},"end":{"line":257,"column":58}},{"start":{"line":259,"column":14},"end":{"line":268,"column":66}},{"start":{"line":270,"column":14},"end":{"line":274,"column":66}},{"start":{"line":276,"column":14},"end":{"line":276,"column":22}},{"start":{"line":277,"column":14},"end":{"line":278,"column":40}}],"line":242},"12":{"loc":{"start":{"line":246,"column":16},"end":{"line":249,"column":17}},"type":"if","locations":[{"start":{"line":246,"column":16},"end":{"line":249,"column":17}},{"start":{"line":246,"column":16},"end":{"line":249,"column":17}}],"line":246},"13":{"loc":{"start":{"line":262,"column":16},"end":{"line":266,"column":17}},"type":"if","locations":[{"start":{"line":262,"column":16},"end":{"line":266,"column":17}},{"start":{"line":262,"column":16},"end":{"line":266,"column":17}}],"line":262}},"s":{"0":1,"1":1,"2":1,"3":1,"4":1,"5":1,"6":1,"7":1,"8":1,"9":1,"10":1,"11":0,"12":1,"13":1,"14":0,"15":0,"16":0,"17":0,"18":0,"19":0,"20":0,"21":0,"22":0,"23":0,"24":0,"25":0,"26":0,"27":0,"28":0,"29":0,"30":0,"31":1,"32":1,"33":0,"34":0,"35":0,"36":0,"37":0,"38":0,"39":0,"40":0,"41":0,"42":0,"43":0,"44":0,"45":0,"46":0,"47":0,"48":0,"49":0,"50":0,"51":0,"52":0,"53":0,"54":1,"55":1,"56":0,"57":0,"58":0,"59":0,"60":0,"61":0,"62":0,"63":0,"64":0,"65":0,"66":0,"67":0,"68":0,"69":0,"70":0,"71":0,"72":0,"73":0,"74":0,"75":0,"76":0,"77":0,"78":0,"79":0,"80":0,"81":1,"82":1,"83":0,"84":0,"85":0,"86":0,"87":0,"88":0,"89":0,"90":0,"91":0,"92":0,"93":0,"94":0,"95":0,"96":0,"97":0,"98":0,"99":0,"100":0,"101":0,"102":0,"103":0,"104":0,"105":0,"106":0,"107":1,"108":1,"109":0,"110":0,"111":0,"112":0,"113":0,"114":0,"115":0,"116":0,"117":0,"118":0,"119":0,"120":0,"121":0,"122":0,"123":0,"124":0,"125":0,"126":0,"127":0,"128":0,"129":0,"130":0,"131":0,"132":1,"133":1,"134":1,"135":1},"f":{"0":1,"1":0,"2":1,"3":0,"4":0,"5":0,"6":1,"7":0,"8":0,"9":0,"10":1,"11":0,"12":0,"13":0,"14":1,"15":0,"16":0,"17":0,"18":1,"19":0,"20":0,"21":0},"b":{"0":[0,0,0,0,0],"1":[0,0],"2":[0,0,0,0,0,0],"3":[0,0],"4":[0,0,0,0],"5":[0,0,0,0,0,0],"6":[0,0],"7":[0,0],"8":[0,0,0,0,0,0],"9":[0,0],"10":[0,0],"11":[0,0,0,0,0,0],"12":[0,0],"13":[0,0]},"inputSourceMap":{"version":3,"sources":["controller.js"],"names":["util","Util","RoomController","req","res","RoomService","getAllRooms","allRooms","length","setSuccess","send","setError","body","type","guest_type","number_of_beds","price","newRoom","addRoom","createdRoom","message","alteredRoom","id","params","Number","updateRoom","updatedRoom","console","log","getARoom","room","deleteRoom","roomToDelete"],"mappings":";;;;;;;;;;;;;;;;;AAAA;;AACA;;AAEA,IAAMA,IAAI,GAAG,IAAIC,gBAAJ,EAAb;;IAEMC,c;;;;;;;;wHACqBC,G,EAAKC,G;;;;;;;;uBAEHC,oBAAYC,WAAZ,E;;;AAAjBC,gBAAAA,Q;;AACN,oBAAIA,QAAQ,CAACC,MAAT,GAAkB,CAAtB,EAAyB;AACvBR,kBAAAA,IAAI,CAACS,UAAL,CAAgB,GAAhB,EAAqB,iBAArB,EAAwCF,QAAxC;AACD,iBAFD,MAEO;AACLP,kBAAAA,IAAI,CAACS,UAAL,CAAgB,GAAhB,EAAqB,eAArB;AACD;;iDACMT,IAAI,CAACU,IAAL,CAAUN,GAAV,C;;;;;AAEPJ,gBAAAA,IAAI,CAACW,QAAL,CAAc,GAAd;iDACOX,IAAI,CAACU,IAAL,CAAUN,GAAV,C;;;;;;;;;;;;;;;;;;;qHAIUD,G,EAAKC,G;;;;;;sBACpB,CAACD,GAAG,CAACS,IAAJ,CAASC,IAAV,IAAkB,CAACV,GAAG,CAACS,IAAJ,CAASE,UAA5B,IAA0C,CAACX,GAAG,CAACS,IAAJ,CAASG,cAApD,IAAsE,CAACZ,GAAG,CAACS,IAAJ,CAASI,K;;;;;AAClFhB,gBAAAA,IAAI,CAACW,QAAL,CAAc,GAAd,EAAmB,iCAAnB;kDACOX,IAAI,CAACU,IAAL,CAAUN,GAAV,C;;;AAEHa,gBAAAA,O,GAAUd,GAAG,CAACS,I;;;uBAEQP,oBAAYa,OAAZ,CAAoBD,OAApB,C;;;AAApBE,gBAAAA,W;AACNnB,gBAAAA,IAAI,CAACS,UAAL,CAAgB,GAAhB,EAAqB,aAArB,EAAoCU,WAApC;kDACOnB,IAAI,CAACU,IAAL,CAAUN,GAAV,C;;;;;AAEPJ,gBAAAA,IAAI,CAACW,QAAL,CAAc,GAAd,EAAmB,aAAMS,OAAzB;kDACOpB,IAAI,CAACU,IAAL,CAAUN,GAAV,C;;;;;;;;;;;;;;;;;;;yHAIcD,G,EAAKC,G;;;;;;;AACtBiB,gBAAAA,W,GAAclB,GAAG,CAACS,I;AAChBU,gBAAAA,E,GAAOnB,GAAG,CAACoB,M,CAAXD,E;;oBACHE,MAAM,CAACF,EAAD,C;;;;;AACTtB,gBAAAA,IAAI,CAACW,QAAL,CAAc,GAAd,EAAmB,oCAAnB;kDACOX,IAAI,CAACU,IAAL,CAAUN,GAAV,C;;;;;uBAGmBC,oBAAYoB,UAAZ,CAAuBH,EAAvB,EAA2BD,WAA3B,C;;;AAApBK,gBAAAA,a;;AACN,oBAAI,CAACA,aAAL,EAAkB;AAChB1B,kBAAAA,IAAI,CAACW,QAAL,CAAc,GAAd,0CAAoDW,EAApD;AACD,iBAFD,MAEO;AACLtB,kBAAAA,IAAI,CAACS,UAAL,CAAgB,GAAhB,EAAqB,cAArB,EAAqCiB,aAArC;AACD;;kDACM1B,IAAI,CAACU,IAAL,CAAUN,GAAV,C;;;;;AAEPuB,gBAAAA,OAAO,CAACC,GAAR,CAAY,OAAZ;AACA5B,gBAAAA,IAAI,CAACW,QAAL,CAAc,GAAd;kDACOX,IAAI,CAACU,IAAL,CAAUN,GAAV,C;;;;;;;;;;;;;;;;;;;sHAIWD,G,EAAKC,G;;;;;;AACjBkB,gBAAAA,E,GAAOnB,GAAG,CAACoB,M,CAAXD,E;;oBAEHE,MAAM,CAACF,EAAD,C;;;;;AACTtB,gBAAAA,IAAI,CAACW,QAAL,CAAc,GAAd,EAAmB,oCAAnB;kDACOX,IAAI,CAACU,IAAL,CAAUN,GAAV,C;;;;;uBAIYC,oBAAYwB,QAAZ,CAAqBP,EAArB,C;;;AAAbQ,gBAAAA,I;;AAEN,oBAAI,CAACA,IAAL,EAAW;AACT9B,kBAAAA,IAAI,CAACW,QAAL,CAAc,GAAd,yCAAmDW,EAAnD;AACD,iBAFD,MAEO;AACLtB,kBAAAA,IAAI,CAACS,UAAL,CAAgB,GAAhB,EAAqB,YAArB,EAAmCqB,IAAnC;AACD;;kDACM9B,IAAI,CAACU,IAAL,CAAUN,GAAV,C;;;;;AAEPuB,gBAAAA,OAAO,CAACC,GAAR,CAAY,OAAZ;AACA5B,gBAAAA,IAAI,CAACW,QAAL,CAAc,GAAd;kDACOX,IAAI,CAACU,IAAL,CAAUN,GAAV,C;;;;;;;;;;;;;;;;;;;wHAIaD,G,EAAKC,G;;;;;;AACnBkB,gBAAAA,E,GAAOnB,GAAG,CAACoB,M,CAAXD,E;;oBAEHE,MAAM,CAACF,EAAD,C;;;;;AACTtB,gBAAAA,IAAI,CAACW,QAAL,CAAc,GAAd,EAAmB,gCAAnB;kDACOX,IAAI,CAACU,IAAL,CAAUN,GAAV,C;;;;;uBAIoBC,oBAAY0B,UAAZ,CAAuBT,EAAvB,C;;;AAArBU,gBAAAA,Y;;AAEN,oBAAIA,YAAJ,EAAkB;AAChBhC,kBAAAA,IAAI,CAACS,UAAL,CAAgB,GAAhB,EAAqB,cAArB;AACD,iBAFD,MAEO;AACLT,kBAAAA,IAAI,CAACW,QAAL,CAAc,GAAd,6BAAuCW,EAAvC;AACD;;kDACMtB,IAAI,CAACU,IAAL,CAAUN,GAAV,C;;;;;AAEPJ,gBAAAA,IAAI,CAACW,QAAL,CAAc,GAAd;kDACOX,IAAI,CAACU,IAAL,CAAUN,GAAV,C;;;;;;;;;;;;;;;;;;;;eAKEF,c","sourceRoot":"/Users/user/Documents/Projects/testabs/src/rooms/","sourcesContent":["import RoomService from './service';\nimport Util from '../utils/util';\n\nconst util = new Util();\n\nclass RoomController {\n  static async getAllRooms(req, res) {\n    try {\n      const allRooms = await RoomService.getAllRooms();\n      if (allRooms.length > 0) {\n        util.setSuccess(200, 'Rooms retrieved', allRooms);\n      } else {\n        util.setSuccess(200, 'No Room found');\n      }\n      return util.send(res);\n    } catch (error) {\n      util.setError(400, error);\n      return util.send(res);\n    }\n  }\n\n  static async addRoom(req, res) {\n    if (!req.body.type || !req.body.guest_type || !req.body.number_of_beds || !req.body.price) {\n      util.setError(400, 'Please provide complete details');\n      return util.send(res);\n    }\n    const newRoom = req.body;\n    try {\n      const createdRoom = await RoomService.addRoom(newRoom);\n      util.setSuccess(201, 'Room Added!', createdRoom);\n      return util.send(res);\n    } catch (error) {\n      util.setError(400, error.message);\n      return util.send(res);\n    }\n  }\n\n  static async updatedRoom(req, res) {\n    const alteredRoom = req.body;\n    const { id } = req.params;\n    if (!Number(id)) {\n      util.setError(400, 'Please input a valid numeric value');\n      return util.send(res);\n    }\n    try {\n      const updatedRoom = await RoomService.updateRoom(id, alteredRoom);\n      if (!updatedRoom) {\n        util.setError(404, `Cannot find room with the id: ${id}`);\n      } else {\n        util.setSuccess(200, 'Room updated', updatedRoom);\n      }\n      return util.send(res);\n    } catch (error) {\n      console.log('ERROR', error);\n      util.setError(404, error);\n      return util.send(res);\n    }\n  }\n\n  static async getARoom(req, res) {\n    const { id } = req.params;\n\n    if (!Number(id)) {\n      util.setError(400, 'Please input a valid numeric value');\n      return util.send(res);\n    }\n\n    try {\n      const room = await RoomService.getARoom(id);\n\n      if (!room) {\n        util.setError(404, `Cannot find room with the id ${id}`);\n      } else {\n        util.setSuccess(200, 'Found Room', room);\n      }\n      return util.send(res);\n    } catch (error) {\n      console.log('ERROR', error);\n      util.setError(404, error);\n      return util.send(res);\n    }\n  }\n\n  static async deleteRoom(req, res) {\n    const { id } = req.params;\n\n    if (!Number(id)) {\n      util.setError(400, 'Please provide a numeric value');\n      return util.send(res);\n    }\n\n    try {\n      const roomToDelete = await RoomService.deleteRoom(id);\n\n      if (roomToDelete) {\n        util.setSuccess(200, 'Book deleted');\n      } else {\n        util.setError(404, `Room with the id ${id} cannot be found`);\n      }\n      return util.send(res);\n    } catch (error) {\n      util.setError(400, error);\n      return util.send(res);\n    }\n  }\n}\n\nexport default RoomController;"]},"_coverageSchema":"1a1c01bbd47fc00a2c39e90264f33305004495a9","hash":"6eb9d59138ad0f2f8022acc70f1e0e2859c73b7d","contentHash":"f585a120ca8f0a0af038c87cee6f62d649999871231362ae8eca27ffdd2a4217"},"/Users/user/Documents/Projects/testabs/src/rooms/service.js":{"path":"/Users/user/Documents/Projects/testabs/src/rooms/service.js","statementMap":{"0":{"start":{"line":3,"column":29},"end":{"line":3,"column":84}},"1":{"start":{"line":5,"column":0},"end":{"line":7,"column":3}},"2":{"start":{"line":8,"column":0},"end":{"line":8,"column":28}},"3":{"start":{"line":10,"column":19},"end":{"line":10,"column":80}},"4":{"start":{"line":12,"column":25},"end":{"line":12,"column":99}},"5":{"start":{"line":14,"column":23},"end":{"line":14,"column":95}},"6":{"start":{"line":16,"column":20},"end":{"line":16,"column":89}},"7":{"start":{"line":18,"column":14},"end":{"line":18,"column":70}},"8":{"start":{"line":20,"column":31},"end":{"line":250,"column":3}},"9":{"start":{"line":22,"column":4},"end":{"line":22,"column":56}},"10":{"start":{"line":25,"column":2},"end":{"line":248,"column":6}},"11":{"start":{"line":28,"column":25},"end":{"line":51,"column":9}},"12":{"start":{"line":29,"column":8},"end":{"line":50,"column":36}},"13":{"start":{"line":30,"column":10},"end":{"line":49,"column":11}},"14":{"start":{"line":31,"column":12},"end":{"line":48,"column":13}},"15":{"start":{"line":33,"column":16},"end":{"line":33,"column":34}},"16":{"start":{"line":34,"column":16},"end":{"line":34,"column":34}},"17":{"start":{"line":35,"column":16},"end":{"line":35,"column":57}},"18":{"start":{"line":38,"column":16},"end":{"line":38,"column":64}},"19":{"start":{"line":41,"column":16},"end":{"line":41,"column":34}},"20":{"start":{"line":42,"column":16},"end":{"line":42,"column":51}},"21":{"start":{"line":43,"column":16},"end":{"line":43,"column":34}},"22":{"start":{"line":47,"column":16},"end":{"line":47,"column":39}},"23":{"start":{"line":54,"column":8},"end":{"line":54,"column":51}},"24":{"start":{"line":57,"column":6},"end":{"line":57,"column":25}},"25":{"start":{"line":62,"column":21},"end":{"line":85,"column":9}},"26":{"start":{"line":63,"column":8},"end":{"line":84,"column":37}},"27":{"start":{"line":64,"column":10},"end":{"line":83,"column":11}},"28":{"start":{"line":65,"column":12},"end":{"line":82,"column":13}},"29":{"start":{"line":67,"column":16},"end":{"line":67,"column":35}},"30":{"start":{"line":68,"column":16},"end":{"line":68,"column":35}},"31":{"start":{"line":69,"column":16},"end":{"line":69,"column":63}},"32":{"start":{"line":72,"column":16},"end":{"line":72,"column":66}},"33":{"start":{"line":75,"column":16},"end":{"line":75,"column":35}},"34":{"start":{"line":76,"column":16},"end":{"line":76,"column":53}},"35":{"start":{"line":77,"column":16},"end":{"line":77,"column":35}},"36":{"start":{"line":81,"column":16},"end":{"line":81,"column":40}},"37":{"start":{"line":88,"column":8},"end":{"line":88,"column":47}},"38":{"start":{"line":91,"column":6},"end":{"line":91,"column":21}},"39":{"start":{"line":96,"column":25},"end":{"line":142,"column":9}},"40":{"start":{"line":98,"column":8},"end":{"line":141,"column":38}},"41":{"start":{"line":99,"column":10},"end":{"line":140,"column":11}},"42":{"start":{"line":100,"column":12},"end":{"line":139,"column":13}},"43":{"start":{"line":102,"column":16},"end":{"line":102,"column":35}},"44":{"start":{"line":103,"column":16},"end":{"line":103,"column":35}},"45":{"start":{"line":104,"column":16},"end":{"line":108,"column":19}},"46":{"start":{"line":111,"column":16},"end":{"line":111,"column":46}},"47":{"start":{"line":113,"column":16},"end":{"line":116,"column":17}},"48":{"start":{"line":114,"column":18},"end":{"line":114,"column":37}},"49":{"start":{"line":115,"column":18},"end":{"line":115,"column":24}},"50":{"start":{"line":118,"column":16},"end":{"line":118,"column":35}},"51":{"start":{"line":119,"column":16},"end":{"line":123,"column":19}},"52":{"start":{"line":126,"column":16},"end":{"line":126,"column":63}},"53":{"start":{"line":129,"column":16},"end":{"line":129,"column":56}},"54":{"start":{"line":132,"column":16},"end":{"line":132,"column":36}},"55":{"start":{"line":133,"column":16},"end":{"line":133,"column":53}},"56":{"start":{"line":134,"column":16},"end":{"line":134,"column":35}},"57":{"start":{"line":138,"column":16},"end":{"line":138,"column":40}},"58":{"start":{"line":145,"column":8},"end":{"line":145,"column":51}},"59":{"start":{"line":148,"column":6},"end":{"line":148,"column":24}},"60":{"start":{"line":153,"column":22},"end":{"line":182,"column":9}},"61":{"start":{"line":155,"column":8},"end":{"line":181,"column":37}},"62":{"start":{"line":156,"column":10},"end":{"line":180,"column":11}},"63":{"start":{"line":157,"column":12},"end":{"line":179,"column":13}},"64":{"start":{"line":159,"column":16},"end":{"line":159,"column":35}},"65":{"start":{"line":160,"column":16},"end":{"line":160,"column":35}},"66":{"start":{"line":161,"column":16},"end":{"line":165,"column":19}},"67":{"start":{"line":168,"column":16},"end":{"line":168,"column":38}},"68":{"start":{"line":169,"column":16},"end":{"line":169,"column":56}},"69":{"start":{"line":172,"column":16},"end":{"line":172,"column":35}},"70":{"start":{"line":173,"column":16},"end":{"line":173,"column":53}},"71":{"start":{"line":174,"column":16},"end":{"line":174,"column":35}},"72":{"start":{"line":178,"column":16},"end":{"line":178,"column":40}},"73":{"start":{"line":185,"column":8},"end":{"line":185,"column":48}},"74":{"start":{"line":188,"column":6},"end":{"line":188,"column":22}},"75":{"start":{"line":193,"column":24},"end":{"line":240,"column":9}},"76":{"start":{"line":195,"column":8},"end":{"line":239,"column":38}},"77":{"start":{"line":196,"column":10},"end":{"line":238,"column":11}},"78":{"start":{"line":197,"column":12},"end":{"line":237,"column":13}},"79":{"start":{"line":199,"column":16},"end":{"line":199,"column":35}},"80":{"start":{"line":200,"column":16},"end":{"line":200,"column":35}},"81":{"start":{"line":201,"column":16},"end":{"line":205,"column":19}},"82":{"start":{"line":208,"column":16},"end":{"line":208,"column":46}},"83":{"start":{"line":210,"column":16},"end":{"line":213,"column":17}},"84":{"start":{"line":211,"column":18},"end":{"line":211,"column":37}},"85":{"start":{"line":212,"column":18},"end":{"line":212,"column":24}},"86":{"start":{"line":215,"column":16},"end":{"line":215,"column":35}},"87":{"start":{"line":216,"column":16},"end":{"line":220,"column":19}},"88":{"start":{"line":223,"column":16},"end":{"line":223,"column":45}},"89":{"start":{"line":224,"column":16},"end":{"line":224,"column":63}},"90":{"start":{"line":227,"column":16},"end":{"line":227,"column":56}},"91":{"start":{"line":230,"column":16},"end":{"line":230,"column":36}},"92":{"start":{"line":231,"column":16},"end":{"line":231,"column":53}},"93":{"start":{"line":232,"column":16},"end":{"line":232,"column":35}},"94":{"start":{"line":236,"column":16},"end":{"line":236,"column":40}},"95":{"start":{"line":243,"column":8},"end":{"line":243,"column":50}},"96":{"start":{"line":246,"column":6},"end":{"line":246,"column":24}},"97":{"start":{"line":249,"column":2},"end":{"line":249,"column":21}},"98":{"start":{"line":252,"column":15},"end":{"line":252,"column":26}},"99":{"start":{"line":253,"column":0},"end":{"line":253,"column":30}}},"fnMap":{"0":{"name":"(anonymous_0)","decl":{"start":{"line":20,"column":31},"end":{"line":20,"column":32}},"loc":{"start":{"line":20,"column":43},"end":{"line":250,"column":1}},"line":20},"1":{"name":"RoomService","decl":{"start":{"line":21,"column":11},"end":{"line":21,"column":22}},"loc":{"start":{"line":21,"column":25},"end":{"line":23,"column":3}},"line":21},"2":{"name":"(anonymous_2)","decl":{"start":{"line":27,"column":11},"end":{"line":27,"column":12}},"loc":{"start":{"line":27,"column":23},"end":{"line":58,"column":5}},"line":27},"3":{"name":"_callee","decl":{"start":{"line":28,"column":112},"end":{"line":28,"column":119}},"loc":{"start":{"line":28,"column":122},"end":{"line":51,"column":7}},"line":28},"4":{"name":"_callee$","decl":{"start":{"line":29,"column":53},"end":{"line":29,"column":61}},"loc":{"start":{"line":29,"column":72},"end":{"line":50,"column":9}},"line":29},"5":{"name":"getAllRooms","decl":{"start":{"line":53,"column":15},"end":{"line":53,"column":26}},"loc":{"start":{"line":53,"column":29},"end":{"line":55,"column":7}},"line":53},"6":{"name":"(anonymous_6)","decl":{"start":{"line":61,"column":11},"end":{"line":61,"column":12}},"loc":{"start":{"line":61,"column":23},"end":{"line":92,"column":5}},"line":61},"7":{"name":"_callee2","decl":{"start":{"line":62,"column":108},"end":{"line":62,"column":116}},"loc":{"start":{"line":62,"column":126},"end":{"line":85,"column":7}},"line":62},"8":{"name":"_callee2$","decl":{"start":{"line":63,"column":53},"end":{"line":63,"column":62}},"loc":{"start":{"line":63,"column":74},"end":{"line":84,"column":9}},"line":63},"9":{"name":"addRoom","decl":{"start":{"line":87,"column":15},"end":{"line":87,"column":22}},"loc":{"start":{"line":87,"column":27},"end":{"line":89,"column":7}},"line":87},"10":{"name":"(anonymous_10)","decl":{"start":{"line":95,"column":11},"end":{"line":95,"column":12}},"loc":{"start":{"line":95,"column":23},"end":{"line":149,"column":5}},"line":95},"11":{"name":"_callee3","decl":{"start":{"line":96,"column":112},"end":{"line":96,"column":120}},"loc":{"start":{"line":96,"column":138},"end":{"line":142,"column":7}},"line":96},"12":{"name":"_callee3$","decl":{"start":{"line":98,"column":53},"end":{"line":98,"column":62}},"loc":{"start":{"line":98,"column":74},"end":{"line":141,"column":9}},"line":98},"13":{"name":"updateRoom","decl":{"start":{"line":144,"column":15},"end":{"line":144,"column":25}},"loc":{"start":{"line":144,"column":36},"end":{"line":146,"column":7}},"line":144},"14":{"name":"(anonymous_14)","decl":{"start":{"line":152,"column":11},"end":{"line":152,"column":12}},"loc":{"start":{"line":152,"column":23},"end":{"line":189,"column":5}},"line":152},"15":{"name":"_callee4","decl":{"start":{"line":153,"column":109},"end":{"line":153,"column":117}},"loc":{"start":{"line":153,"column":122},"end":{"line":182,"column":7}},"line":153},"16":{"name":"_callee4$","decl":{"start":{"line":155,"column":53},"end":{"line":155,"column":62}},"loc":{"start":{"line":155,"column":74},"end":{"line":181,"column":9}},"line":155},"17":{"name":"getARoom","decl":{"start":{"line":184,"column":15},"end":{"line":184,"column":23}},"loc":{"start":{"line":184,"column":29},"end":{"line":186,"column":7}},"line":184},"18":{"name":"(anonymous_18)","decl":{"start":{"line":192,"column":11},"end":{"line":192,"column":12}},"loc":{"start":{"line":192,"column":23},"end":{"line":247,"column":5}},"line":192},"19":{"name":"_callee5","decl":{"start":{"line":193,"column":111},"end":{"line":193,"column":119}},"loc":{"start":{"line":193,"column":124},"end":{"line":240,"column":7}},"line":193},"20":{"name":"_callee5$","decl":{"start":{"line":195,"column":53},"end":{"line":195,"column":62}},"loc":{"start":{"line":195,"column":74},"end":{"line":239,"column":9}},"line":195},"21":{"name":"deleteRoom","decl":{"start":{"line":242,"column":15},"end":{"line":242,"column":25}},"loc":{"start":{"line":242,"column":31},"end":{"line":244,"column":7}},"line":242}},"branchMap":{"0":{"loc":{"start":{"line":31,"column":12},"end":{"line":48,"column":13}},"type":"switch","locations":[{"start":{"line":32,"column":14},"end":{"line":35,"column":57}},{"start":{"line":37,"column":14},"end":{"line":38,"column":64}},{"start":{"line":40,"column":14},"end":{"line":43,"column":34}},{"start":{"line":45,"column":14},"end":{"line":45,"column":21}},{"start":{"line":46,"column":14},"end":{"line":47,"column":39}}],"line":31},"1":{"loc":{"start":{"line":65,"column":12},"end":{"line":82,"column":13}},"type":"switch","locations":[{"start":{"line":66,"column":14},"end":{"line":69,"column":63}},{"start":{"line":71,"column":14},"end":{"line":72,"column":66}},{"start":{"line":74,"column":14},"end":{"line":77,"column":35}},{"start":{"line":79,"column":14},"end":{"line":79,"column":21}},{"start":{"line":80,"column":14},"end":{"line":81,"column":40}}],"line":65},"2":{"loc":{"start":{"line":100,"column":12},"end":{"line":139,"column":13}},"type":"switch","locations":[{"start":{"line":101,"column":14},"end":{"line":108,"column":19}},{"start":{"line":110,"column":14},"end":{"line":123,"column":19}},{"start":{"line":125,"column":14},"end":{"line":126,"column":63}},{"start":{"line":128,"column":14},"end":{"line":129,"column":56}},{"start":{"line":131,"column":14},"end":{"line":134,"column":35}},{"start":{"line":136,"column":14},"end":{"line":136,"column":22}},{"start":{"line":137,"column":14},"end":{"line":138,"column":40}}],"line":100},"3":{"loc":{"start":{"line":113,"column":16},"end":{"line":116,"column":17}},"type":"if","locations":[{"start":{"line":113,"column":16},"end":{"line":116,"column":17}},{"start":{"line":113,"column":16},"end":{"line":116,"column":17}}],"line":113},"4":{"loc":{"start":{"line":157,"column":12},"end":{"line":179,"column":13}},"type":"switch","locations":[{"start":{"line":158,"column":14},"end":{"line":165,"column":19}},{"start":{"line":167,"column":14},"end":{"line":169,"column":56}},{"start":{"line":171,"column":14},"end":{"line":174,"column":35}},{"start":{"line":176,"column":14},"end":{"line":176,"column":22}},{"start":{"line":177,"column":14},"end":{"line":178,"column":40}}],"line":157},"5":{"loc":{"start":{"line":197,"column":12},"end":{"line":237,"column":13}},"type":"switch","locations":[{"start":{"line":198,"column":14},"end":{"line":205,"column":19}},{"start":{"line":207,"column":14},"end":{"line":220,"column":19}},{"start":{"line":222,"column":14},"end":{"line":224,"column":63}},{"start":{"line":226,"column":14},"end":{"line":227,"column":56}},{"start":{"line":229,"column":14},"end":{"line":232,"column":35}},{"start":{"line":234,"column":14},"end":{"line":234,"column":22}},{"start":{"line":235,"column":14},"end":{"line":236,"column":40}}],"line":197},"6":{"loc":{"start":{"line":210,"column":16},"end":{"line":213,"column":17}},"type":"if","locations":[{"start":{"line":210,"column":16},"end":{"line":213,"column":17}},{"start":{"line":210,"column":16},"end":{"line":213,"column":17}}],"line":210}},"s":{"0":1,"1":1,"2":1,"3":1,"4":1,"5":1,"6":1,"7":1,"8":1,"9":0,"10":1,"11":1,"12":0,"13":0,"14":0,"15":0,"16":0,"17":0,"18":0,"19":0,"20":0,"21":0,"22":0,"23":0,"24":1,"25":1,"26":0,"27":0,"28":0,"29":0,"30":0,"31":0,"32":0,"33":0,"34":0,"35":0,"36":0,"37":0,"38":1,"39":1,"40":0,"41":0,"42":0,"43":0,"44":0,"45":0,"46":0,"47":0,"48":0,"49":0,"50":0,"51":0,"52":0,"53":0,"54":0,"55":0,"56":0,"57":0,"58":0,"59":1,"60":1,"61":0,"62":0,"63":0,"64":0,"65":0,"66":0,"67":0,"68":0,"69":0,"70":0,"71":0,"72":0,"73":0,"74":1,"75":1,"76":0,"77":0,"78":0,"79":0,"80":0,"81":0,"82":0,"83":0,"84":0,"85":0,"86":0,"87":0,"88":0,"89":0,"90":0,"91":0,"92":0,"93":0,"94":0,"95":0,"96":1,"97":1,"98":1,"99":1},"f":{"0":1,"1":0,"2":1,"3":0,"4":0,"5":0,"6":1,"7":0,"8":0,"9":0,"10":1,"11":0,"12":0,"13":0,"14":1,"15":0,"16":0,"17":0,"18":1,"19":0,"20":0,"21":0},"b":{"0":[0,0,0,0,0],"1":[0,0,0,0,0],"2":[0,0,0,0,0,0,0],"3":[0,0],"4":[0,0,0,0,0],"5":[0,0,0,0,0,0,0],"6":[0,0]},"inputSourceMap":{"version":3,"sources":["service.js"],"names":["RoomService","database","Room","findAll","newRoom","create","id","updateRoom","findOne","where","Number","roomToUpdate","update","room","roomToDelete","destroy","deletedRoom"],"mappings":";;;;;;;;;;;;;;;;;AAAA;;IAEMA,W;;;;;;;;;;;;;;;uBAGaC,mBAASC,IAAT,CAAcC,OAAd,E;;;;;;;;;;;;;;;;;;;;;;;;;;;qHAMIC,O;;;;;;;uBAEJH,mBAASC,IAAT,CAAcG,MAAd,CAAqBD,OAArB,C;;;;;;;;;;;;;;;;;;;;;;;;;;;yHAMOE,E,EAAIC,W;;;;;;;;uBAEGN,mBAASC,IAAT,CAAcM,OAAd,CAAsB;AAC/CC,kBAAAA,KAAK,EAAE;AAAEH,oBAAAA,EAAE,EAAEI,MAAM,CAACJ,EAAD;AAAZ;AADwC,iBAAtB,C;;;AAArBK,gBAAAA,Y;;qBAIFA,Y;;;;;;uBACIV,mBAASC,IAAT,CAAcU,MAAd,CAAqBL,WAArB,EAAiC;AAAEE,kBAAAA,KAAK,EAAE;AAAEH,oBAAAA,EAAE,EAAEI,MAAM,CAACJ,EAAD;AAAZ;AAAT,iBAAjC,C;;;kDAECC,W;;;kDAEF,I;;;;;;;;;;;;;;;;;;;;;;;;sHAMWD,E;;;;;;;;uBAECL,mBAASC,IAAT,CAAcM,OAAd,CAAsB;AACvCC,kBAAAA,KAAK,EAAE;AAAEH,oBAAAA,EAAE,EAAEI,MAAM,CAACJ,EAAD;AAAZ;AADgC,iBAAtB,C;;;AAAbO,gBAAAA,I;kDAICA,I;;;;;;;;;;;;;;;;;;;;;;;;wHAMaP,E;;;;;;;;uBAEOL,mBAASC,IAAT,CAAcM,OAAd,CAAsB;AAAEC,kBAAAA,KAAK,EAAE;AAAEH,oBAAAA,EAAE,EAAEI,MAAM,CAACJ,EAAD;AAAZ;AAAT,iBAAtB,C;;;AAArBQ,gBAAAA,Y;;qBAEFA,Y;;;;;;uBACwBb,mBAASC,IAAT,CAAca,OAAd,CAAsB;AAC9CN,kBAAAA,KAAK,EAAE;AAAEH,oBAAAA,EAAE,EAAEI,MAAM,CAACJ,EAAD;AAAZ;AADuC,iBAAtB,C;;;AAApBU,gBAAAA,W;kDAGCA,W;;;kDAEF,I;;;;;;;;;;;;;;;;;;;;;;;;;eAOEhB,W","sourceRoot":"/Users/user/Documents/Projects/testabs/src/rooms/","sourcesContent":["import database from '../../database/models';\n\nclass RoomService {\n  static async getAllRooms() {\n    try {\n      return await database.Room.findAll();\n    } catch (error) {\n      throw error;\n    }\n  }\n\n  static async addRoom(newRoom) {\n    try {\n      return await database.Room.create(newRoom);\n    } catch (error) {\n      throw error;\n    }\n  }\n\n  static async updateRoom(id, updateRoom) {\n    try {\n      const roomToUpdate = await database.Room.findOne({\n        where: { id: Number(id) }\n      });\n\n      if (roomToUpdate) {\n        await database.Room.update(updateRoom, { where: { id: Number(id) } });\n\n        return updateRoom;\n      }\n      return null;\n    } catch (error) {\n      throw error;\n    }\n  }\n\n  static async getARoom(id) {\n    try {\n      const room = await database.Room.findOne({\n        where: { id: Number(id) }\n      });\n\n      return room;\n    } catch (error) {\n      throw error;\n    }\n  }\n\n  static async deleteRoom(id) {\n    try {\n      const roomToDelete = await database.Room.findOne({ where: { id: Number(id) } });\n\n      if (roomToDelete) {\n        const deletedRoom = await database.Room.destroy({\n          where: { id: Number(id) }\n  
[...]
id, alteredBooking);\n      if (!updatedBooking) {\n        util.setError(404, `Cannot find booking with the id: ${id}`);\n      } else {\n        util.setSuccess(200, 'Booking updated', updatedBooking);\n      }\n      return util.send(res);\n    } catch (error) {\n      console.log('ERROR', error);\n      util.setError(404, error);\n      return util.send(res);\n    }\n  }\n\n  static async getABooking(req, res) {\n    const { id } = req.params;\n\n    if (!Number(id)) {\n      util.setError(400, 'Please input a valid numeric value');\n      return util.send(res);\n    }\n\n    try {\n      const Booking = await BookingService.getABooking(id);\n\n      if (!Booking) {\n        util.setError(404, `Cannot find booking with the id ${id}`);\n      } else {\n        util.setSuccess(200, 'Found Booking', Booking);\n      }\n      return util.send(res);\n    } catch (error) {\n      console.log('ERROR', error);\n      util.setError(404, error);\n      return util.send(res);\n    }\n  }\n\n  static async deleteBooking(req, res) {\n    const { id } = req.params;\n\n    if (!Number(id)) {\n      util.setError(400, 'Please provide a numeric value');\n      return util.send(res);\n    }\n\n    try {\n      const BookingToDelete = await BookingService.deleteBooking(id);\n\n      if (BookingToDelete) {\n        util.setSuccess(200, 'Book deleted');\n      } else {\n        util.setError(404, `Booking with the id ${id} cannot be found`);\n      }\n      return util.send(res);\n    } catch (error) {\n      util.setError(400, error);\n      return util.send(res);\n    }\n  }\n}\n\nexport default BookingController;"]},"_coverageSchema":"1a1c01bbd47fc00a2c39e90264f33305004495a9","hash":"ac21f8c3c64dc9524384507563c22f208e035966","contentHash":"515668d9403d13926288f75dd245da011de90522a6a9f15e3a16129bbb5bb0f0"},"/Users/user/Documents/Projects/testabs/src/bookings/service.js":{"path":"/Users/user/Documents/Projects/testabs/src/bookings/service.js","statementMap":{"0":{"start":{"line":3,"column":29},"end":{"line":3,"column":84}},"1":{"start":{"line":5,"column":0},"end":{"line":7,"column":3}},"2":{"start":{"line":8,"column":0},"end":{"line":8,"column":28}},"3":{"start":{"line":10,"column":19},"end":{"line":10,"column":80}},"4":{"start":{"line":12,"column":25},"end":{"line":12,"column":99}},"5":{"start":{"line":14,"column":23},"end":{"line":14,"column":95}},"6":{"start":{"line":16,"column":20},"end":{"line":16,"column":89}},"7":{"start":{"line":18,"column":14},"end":{"line":18,"column":70}},"8":{"start":{"line":20,"column":34},"end":{"line":250,"column":3}},"9":{"start":{"line":22,"column":4},"end":{"line":22,"column":59}},"10":{"start":{"line":25,"column":2},"end":{"line":248,"column":6}},"11":{"start":{"line":28,"column":28},"end":{"line":51,"column":9}},"12":{"start":{"line":29,"column":8},"end":{"line":50,"column":36}},"13":{"start":{"line":30,"column":10},"end":{"line":49,"column":11}},"14":{"start":{"line":31,"column":12},"end":{"line":48,"column":13}},"15":{"start":{"line":33,"column":16},"end":{"line":33,"column":34}},"16":{"start":{"line":34,"column":16},"end":{"line":34,"column":34}},"17":{"start":{"line":35,"column":16},"end":{"line":35,"column":60}},"18":{"start":{"line":38,"column":16},"end":{"line":38,"column":64}},"19":{"start":{"line":41,"column":16},"end":{"line":41,"column":34}},"20":{"start":{"line":42,"column":16},"end":{"line":42,"column":51}},"21":{"start":{"line":43,"column":16},"end":{"line":43,"column":34}},"22":{"start":{"line":47,"column":16},"end":{"line":47,"column":39}},"23":{"start":{"line":54,"column":8},"end":{"line":54,"column":54}},"24":{"start":{"line":57,"column":6},"end":{"line":57,"column":28}},"25":{"start":{"line":62,"column":24},"end":{"line":85,"column":9}},"26":{"start":{"line":63,"column":8},"end":{"line":84,"column":37}},"27":{"start":{"line":64,"column":10},"end":{"line":83,"column":11}},"28":{"start":{"line":65,"column":12},"end":{"line":82,"column":13}},"29":{"start":{"line":67,"column":16},"end":{"line":67,"column":35}},"30":{"start":{"line":68,"column":16},"end":{"line":68,"column":35}},"31":{"start":{"line":69,"column":16},"end":{"line":69,"column":69}},"32":{"start":{"line":72,"column":16},"end":{"line":72,"column":66}},"33":{"start":{"line":75,"column":16},"end":{"line":75,"column":35}},"34":{"start":{"line":76,"column":16},"end":{"line":76,"column":53}},"35":{"start":{"line":77,"column":16},"end":{"line":77,"column":35}},"36":{"start":{"line":81,"column":16},"end":{"line":81,"column":40}},"37":{"start":{"line":88,"column":8},"end":{"line":88,"column":50}},"38":{"start":{"line":91,"column":6},"end":{"line":91,"column":24}},"39":{"start":{"line":96,"column":28},"end":{"line":142,"column":9}},"40":{"start":{"line":98,"column":8},"end":{"line":141,"column":38}},"41":{"start":{"line":99,"column":10},"end":{"line":140,"column":11}},"42":{"start":{"line":100,"column":12},"end":{"line":139,"column":13}},"43":{"start":{"line":102,"column":16},"end":{"line":102,"column":35}},"44":{"start":{"line":103,"column":16},"end":{"line":103,"column":35}},"45":{"start":{"line":104,"column":16},"end":{"line":108,"column":19}},"46":{"start":{"line":111,"column":16},"end":{"line":111,"column":49}},"47":{"start":{"line":113,"column":16},"end":{"line":116,"column":17}},"48":{"start":{"line":114,"column":18},"end":{"line":114,"column":37}},"49":{"start":{"line":115,"column":18},"end":{"line":115,"column":24}},"50":{"start":{"line":118,"column":16},"end":{"line":118,"column":35}},"51":{"start":{"line":119,"column":16},"end":{"line":123,"column":19}},"52":{"start":{"line":126,"column":16},"end":{"line":126,"column":66}},"53":{"start":{"line":129,"column":16},"end":{"line":129,"column":56}},"54":{"start":{"line":132,"column":16},"end":{"line":132,"column":36}},"55":{"start":{"line":133,"column":16},"end":{"line":133,"column":53}},"56":{"start":{"line":134,"column":16},"end":{"line":134,"column":35}},"57":{"start":{"line":138,"column":16},"end":{"line":138,"column":40}},"58":{"start":{"line":145,"column":8},"end":{"line":145,"column":54}},"59":{"start":{"line":148,"column":6},"end":{"line":148,"column":27}},"60":{"start":{"line":153,"column":25},"end":{"line":182,"column":9}},"61":{"start":{"line":155,"column":8},"end":{"line":181,"column":37}},"62":{"start":{"line":156,"column":10},"end":{"line":180,"column":11}},"63":{"start":{"line":157,"column":12},"end":{"line":179,"column":13}},"64":{"start":{"line":159,"column":16},"end":{"line":159,"column":35}},"65":{"start":{"line":160,"column":16},"end":{"line":160,"column":35}},"66":{"start":{"line":161,"column":16},"end":{"line":165,"column":19}},"67":{"start":{"line":168,"column":16},"end":{"line":168,"column":41}},"68":{"start":{"line":169,"column":16},"end":{"line":169,"column":59}},"69":{"start":{"line":172,"column":16},"end":{"line":172,"column":35}},"70":{"start":{"line":173,"column":16},"end":{"line":173,"column":53}},"71":{"start":{"line":174,"column":16},"end":{"line":174,"column":35}},"72":{"start":{"line":178,"column":16},"end":{"line":178,"column":40}},"73":{"start":{"line":185,"column":8},"end":{"line":185,"column":51}},"74":{"start":{"line":188,"column":6},"end":{"line":188,"column":25}},"75":{"start":{"line":193,"column":27},"end":{"line":240,"column":9}},"76":{"start":{"line":195,"column":8},"end":{"line":239,"column":38}},"77":{"start":{"line":196,"column":10},"end":{"line":238,"column":11}},"78":{"start":{"line":197,"column":12},"end":{"line":237,"column":13}},"79":{"start":{"line":199,"column":16},"end":{"line":199,"column":35}},"80":{"start":{"line":200,"column":16},"end":{"line":200,"column":35}},"81":{"start":{"line":201,"column":16},"end":{"line":205,"column":19}},"82":{"start":{"line":208,"column":16},"end":{"line":208,"column":49}},"83":{"start":{"line":210,"column":16},"end":{"line":213,"column":17}},"84":{"start":{"line":211,"column":18},"end":{"line":211,"column":37}},"85":{"start":{"line":212,"column":18},"end":{"line":212,"column":24}},"86":{"start":{"line":215,"column":16},"end":{"line":215,"column":35}},"87":{"start":{"line":216,"column":16},"end":{"line":220,"column":19}},"88":{"start":{"line":223,"column":16},"end":{"line":223,"column":48}},"89":{"start":{"line":224,"column":16},"end":{"line":224,"column":66}},"90":{"start":{"line":227,"column":16},"end":{"line":227,"column":56}},"91":{"start":{"line":230,"column":16},"end":{"line":230,"column":36}},"92":{"start":{"line":231,"column":16},"end":{"line":231,"column":53}},"93":{"start":{"line":232,"column":16},"end":{"line":232,"column":35}},"94":{"start":{"line":236,"column":16},"end":{"line":236,"column":40}},"95":{"start":{"line":243,"column":8},"end":{"line":243,"column":53}},"96":{"start":{"line":246,"column":6},"end":{"line":246,"column":27}},"97":{"start":{"line":249,"column":2},"end":{"line":249,"column":24}},"98":{"start":{"line":252,"column":15},"end":{"line":252,"column":29}},"99":{"start":{"line":253,"column":0},"end":{"line":253,"column":30}}},"fnMap":{"0":{"name":"(anonymous_0)","decl":{"start":{"line":20,"column":34},"end":{"line":20,"column":35}},"loc":{"start":{"line":20,"column":46},"end":{"line":250,"column":1}},"line":20},"1":{"name":"BookingService","decl":{"start":{"line":21,"column":11},"end":{"line":21,"column":25}},"loc":{"start":{"line":21,"column":28},"end":{"line":23,"column":3}},"line":21},"2":{"name":"(anonymous_2)","decl":{"start":{"line":27,"column":11},"end":{"line":27,"column":12}},"loc":{"start":{"line":27,"column":23},"end":{"line":58,"column":5}},"line":27},"3":{"name":"_callee","decl":{"start":{"line":28,"column":115},"end":{"line":28,"column":122}},"loc":{"start":{"line":28,"column":125},"end":{"line":51,"column":7}},"line":28},"4":{"name":"_callee$","decl":{"start":{"line":29,"column":53},"end":{"line":29,"column":61}},"loc":{"start":{"line":29,"column":72},"end":{"line":50,"column":9}},"line":29},"5":{"name":"getAllBookings","decl":{"start":{"line":53,"column":15},"end":{"line":53,"column":29}},"loc":{"start":{"line":53,"column":32},"end":{"line":55,"column":7}},"line":53},"6":{"name":"(anonymous_6)","decl":{"start":{"line":61,"column":11},"end":{"line":61,"column":12}},"loc":{"start":{"line":61,"column":23},"end":{"line":92,"column":5}},"line":61},"7":{"name":"_callee2","decl":{"start":{"line":62,"column":111},"end":{"line":62,"column":119}},"loc":{"start":{"line":62,"column":132},"end":{"line":85,"column":7}},"line":62},"8":{"name":"_callee2$","decl":{"start":{"line":63,"column":53},"end":{"line":63,"column":62}},"loc":{"start":{"line":63,"column":74},"end":{"line":84,"column":9}},"line":63},"9":{"name":"addBooking","decl":{"start":{"line":87,"column":15},"end":{"line":87,"column":25}},"loc":{"start":{"line":87,"column":30},"end":{"line":89,"column":7}},"line":87},"10":{"name":"(anonymous_10)","decl":{"start":{"line":95,"column":11},"end":{"line":95,"column":12}},"loc":{"start":{"line":95,"column":23},"end":{"line":149,"column":5}},"line":95},"11":{"name":"_callee3","decl":{"start":{"line":96,"column":115},"end":{"line":96,"column":123}},"loc":{"start":{"line":96,"column":144},"end":{"line":142,"column":7}},"line":96},"12":{"name":"_callee3$","decl":{"start":{"line":98,"column":53},"end":{"line":98,"column":62}},"loc":{"start":{"line":98,"column":74},"end":{"line":141,"column":9}},"line":98},"13":{"name":"updateBooking","decl":{"start":{"line":144,"column":15},"end":{"line":144,"column":28}},"loc":{"start":{"line":144,"column":39},"end":{"line":146,"column":7}},"line":144},"14":{"name":"(anonymous_14)","decl":{"start":{"line":152,"column":11},"end":{"line":152,"column":12}},"loc":{"start":{"line":152,"column":23},"end":{"line":189,"column":5}},"line":152},"15":{"name":"_callee4","decl":{"start":{"line":153,"column":112},"end":{"line":153,"column":120}},"loc":{"start":{"line":153,"column":125},"end":{"line":182,"column":7}},"line":153},"16":{"name":"_callee4$","decl":{"start":{"line":155,"column":53},"end":{"line":155,"column":62}},"loc":{"start":{"line":155,"column":74},"end":{"line":181,"column":9}},"line":155},"17":{"name":"getABooking","decl":{"start":{"line":184,"column":15},"end":{"line":184,"column":26}},"loc":{"start":{"line":184,"column":32},"end":{"line":186,"column":7}},"line":184},"18":{"name":"(anonymous_18)","decl":{"start":{"line":192,"column":11},"end":{"line":192,"column":12}},"loc":{"start":{"line":192,"column":23},"end":{"line":247,"column":5}},"line":192},"19":{"name":"_callee5","decl":{"start":{"line":193,"column":114},"end":{"line":193,"column":122}},"loc":{"start":{"line":193,"column":127},"end":{"line":240,"column":7}},"line":193},"20":{"name":"_callee5$","decl":{"start":{"line":195,"column":53},"end":{"line":195,"column":62}},"loc":{"start":{"line":195,"column":74},"end":{"line":239,"column":9}},"line":195},"21":{"name":"deleteBooking","decl":{"start":{"line":242,"column":15},"end":{"line":242,"column":28}},"loc":{"start":{"line":242,"column":34},"end":{"line":244,"column":7}},"line":242}},"branchMap":{"0":{"loc":{"start":{"line":31,"column":12},"end":{"line":48,"column":13}},"type":"switch","locations":[{"start":{"line":32,"column":14},"end":{"line":35,"column":60}},{"start":{"line":37,"column":14},"end":{"line":38,"column":64}},{"start":{"line":40,"column":14},"end":{"line":43,"column":34}},{"start":{"line":45,"column":14},"end":{"line":45,"column":21}},{"start":{"line":46,"column":14},"end":{"line":47,"column":39}}],"line":31},"1":{"loc":{"start":{"line":65,"column":12},"end":{"line":82,"column":13}},"type":"switch","locations":[{"start":{"line":66,"column":14},"end":{"line":69,"column":69}},{"start":{"line":71,"column":14},"end":{"line":72,"column":66}},{"start":{"line":74,"column":14},"end":{"line":77,"column":35}},{"start":{"line":79,"column":14},"end":{"line":79,"column":21}},{"start":{"line":80,"column":14},"end":{"line":81,"column":40}}],"line":65},"2":{"loc":{"start":{"line":100,"column":12},"end":{"line":139,"column":13}},"type":"switch","locations":[{"start":{"line":101,"column":14},"end":{"line":108,"column":19}},{"start":{"line":110,"column":14},"end":{"line":123,"column":19}},{"start":{"line":125,"column":14},"end":{"line":126,"column":66}},{"start":{"line":128,"column":14},"end":{"line":129,"column":56}},{"start":{"line":131,"column":14},"end":{"line":134,"column":35}},{"start":{"line":136,"column":14},"end":{"line":136,"column":22}},{"start":{"line":137,"column":14},"end":{"line":138,"column":40}}],"line":100},"3":{"loc":{"start":{"line":113,"column":16},"end":{"line":116,"column":17}},"type":"if","locations":[{"start":{"line":113,"column":16},"end":{"line":116,"column":17}},{"start":{"line":113,"column":16},"end":{"line":116,"column":17}}],"line":113},"4":{"loc":{"start":{"line":157,"column":12},"end":{"line":179,"column":13}},"type":"switch","locations":[{"start":{"line":158,"column":14},"end":{"line":165,"column":19}},{"start":{"line":167,"column":14},"end":{"line":169,"column":59}},{"start":{"line":171,"column":14},"end":{"line":174,"column":35}},{"start":{"line":176,"column":14},"end":{"line":176,"column":22}},{"start":{"line":177,"column":14},"end":{"line":178,"column":40}}],"line":157},"5":{"loc":{"start":{"line":197,"column":12},"end":{"line":237,"column":13}},"type":"switch","locations":[{"start":{"line":198,"column":14},"end":{"line":205,"column":19}},{"start":{"line":207,"column":14},"end":{"line":220,"column":19}},{"start":{"line":222,"column":14},"end":{"line":224,"column":66}},{"start":{"line":226,"column":14},"end":{"line":227,"column":56}},{"start":{"line":229,"column":14},"end":{"line":232,"column":35}},{"start":{"line":234,"column":14},"end":{"line":234,"column":22}},{"start":{"line":235,"column":14},"end":{"line":236,"column":40}}],"line":197},"6":{"loc":{"start":{"line":210,"column":16},"end":{"line":213,"column":17}},"type":"if","locations":[{"start":{"line":210,"column":16},"end":{"line":213,"column":17}},{"start":{"line":210,"column":16},"end":{"line":213,"column":17}}],"line":210}},"s":{"0":1,"1":1,"2":1,"3":1,"4":1,"5":1,"6":1,"7":1,"8":1,"9":0,"10":1,"11":1,"12":1,"13":3,"14":3,"15":1,"16":1,"17":1,"18":1,"19":0,"20":0,"21":0,"22":1,"23":1,"24":1,"25":1,"26":2,"27":6,"28":6,"29":2,"30":2,"31":2,"32":2,"33":0,"34":0,"35":0,"36":2,"37":2,"38":1,"39":1,"40":2,"41":7,"42":8,"43":2,"44":2,"45":2,"46":2,"47":2,"48":1,"49":1,"50":1,"51":1,"52":1,"53":1,"54":0,"55":0,"56":0,"57":2,"58":2,"59":1,"60":1,"61":2,"62":6,"63":6,"64":2,"65":2,"66":2,"67":2,"68":2,"69":0,"70":0,"71":0,"72":2,"73":2,"74":1,"75":1,"76":2,"77":7,"78":8,"79":2,"80":2,"81":2,"82":2,"83":2,"84":1,"85":1,"86":1,"87":1,"88":1,"89":1,"90":1,"91":0,"92":0,"93":0,"94":2,"95":2,"96":1,"97":1,"98":1,"99":1},"f":{"0":1,"1":0,"2":1,"3":1,"4":3,"5":1,"6":1,"7":2,"8":6,"9":2,"10":1,"11":2,"12":7,"13":2,"14":1,"15":2,"16":6,"17":2,"18":1,"19":2,"20":7,"21":2},"b":{"0":[1,1,0,0,1],"1":[2,2,0,0,2],"2":[2,2,1,1,0,0,2],"3":[1,1],"4":[2,2,0,0,2],"5":[2,2,1,1,0,0,2],"6":[1,1]},"inputSourceMap":{"version":3,"sources":["service.js"],"names":["BookingService","database","Booking","findAll","newBooking","create","id","updateBooking","findOne","where","Number","BookingToUpdate","update","BookingToDelete","destroy","deletedBooking"],"mappings":";;;;;;;;;;;;;;;;;AAAA;;IAEMA,c;;;;;;;;;;;;;;;uBAGaC,mBAASC,OAAT,CAAiBC,OAAjB,E;;;;;;;;;;;;;;;;;;;;;;;;;;;wHAMOC,U;;;;;;;uBAEPH,mBAASC,OAAT,CAAiBG,MAAjB,CAAwBD,UAAxB,C;;;;;;;;;;;;;;;;;;;;;;;;;;;4HAMUE,E,EAAIC,c;;;;;;;;uBAEGN,mBAASC,OAAT,CAAiBM,OAAjB,CAAyB;AACrDC,kBAAAA,KAAK,EAAE;AAAEH,oBAAAA,EAAE,EAAEI,MAAM,CAACJ,EAAD;AAAZ;AAD8C,iBAAzB,C;;;AAAxBK,gBAAAA,e;;qBAIFA,e;;;;;;uBACIV,mBAASC,OAAT,CAAiBU,MAAjB,CAAwBL,cAAxB,EAAuC;AAAEE,kBAAAA,KAAK,EAAE;AAAEH,oBAAAA,EAAE,EAAEI,MAAM,CAACJ,EAAD;AAAZ;AAAT,iBAAvC,C;;;kDAECC,c;;;kDAEF,I;;;;;;;;;;;;;;;;;;;;;;;;yHAMcD,E;;;;;;;;uBAECL,mBAASC,OAAT,CAAiBM,OAAjB,CAAyB;AAC7CC,kBAAAA,KAAK,EAAE;AAAEH,oBAAAA,EAAE,EAAEI,MAAM,CAACJ,EAAD;AAAZ;AADsC,iBAAzB,C;;;AAAhBJ,gBAAAA,O;kDAICA,O;;;;;;;;;;;;;;;;;;;;;;;;2HAMgBI,E;;;;;;;;uBAEOL,mBAASC,OAAT,CAAiBM,OAAjB,CAAyB;AAAEC,kBAAAA,KAAK,EAAE;AAAEH,oBAAAA,EAAE,EAAEI,MAAM,CAACJ,EAAD;AAAZ;AAAT,iBAAzB,C;;;AAAxBO,gBAAAA,e;;qBAEFA,e;;;;;;uBAC2BZ,mBAASC,OAAT,CAAiBY,OAAjB,CAAyB;AACpDL,kBAAAA,KAAK,EAAE;AAAEH,oBAAAA,EAAE,EAAEI,MAAM,CAACJ,EAAD;AAAZ;AAD6C,iBAAzB,C;;;AAAvBS,gBAAAA,c;kDAGCA,c;;;kDAEF,I;;;;;;;;;;;;;;;;;;;;;;;;;eAOEf,c","sourceRoot":"/Users/user/Documents/Projects/testabs/src/bookings/","sourcesContent":["import database from '../../database/models';\n\nclass BookingService {\n  static async getAllBookings() {\n    try {\n      return await database.Booking.findAll();\n    } catch (error) {\n      throw error;\n    }\n  }\n\n  static async addBooking(newBooking) {\n    try {\n      return await database.Booking.create(newBooking);\n    } catch (error) {\n      throw error;\n    }\n  }\n\n  static async updateBooking(id, updateBooking) {\n    try {\n      const BookingToUpdate = await database.Booking.findOne({\n        where: { id: Number(id) }\n      });\n\n      if (BookingToUpdate) {\n        await database.Booking.update(updateBooking, { where: { id: Number(id) } });\n\n        return updateBooking;\n      }\n      return null;\n    } catch (error) {\n      throw error;\n    }\n  }\n\n  static async getABooking(id) {\n    try {\n      const Booking = await database.Booking.findOne({\n        where: { id: Number(id) }\n      });\n\n      return Booking;\n    } catch (error) {\n      throw error;\n    }\n  }\n\n  static async deleteBooking(id) {\n    try {\n      const BookingToDelete = await database.Booking.findOne({ where: { id: Number(id) } });\n\n      if (BookingToDelete) {\n        const deletedBooking = await database.Booking.destroy({\n          where: { id: Number(id) }\n        });\n        return deletedBooking;\n      }\n      return null;\n    } catch (error) {\n      throw error;\n    }\n  }\n}\n\nexport default BookingService;"]},"_coverageSchema":"1a1c01bbd47fc00a2c39e90264f33305004495a9","hash":"ea3511cff52766cc9f9387bdbf3a044bf4d9eaa7","contentHash":"4d31c3b92bf7bef5557084bdb1ad7f22f21261e2c3b0d95afb430be53c86583d"}}